{"target": 5.157506707535006, "params": {"-2": -0.9815453279406742, "-1": -3.7801028728279586, "0": -4.9007984647992675, "1": -1.9114530937977479, "2": -1.61402258623775}, "datetime": {"datetime": "2022-10-27 16:44:41", "elapsed": 1943.495364, "delta": 11.532981}}
{"target": 4.926945820279997, "params": {"-2": 3.4447421953840895, "-1": -5.0, "0": -3.8439771743098694, "1": -4.356875650652651, "2": -1.5307964312529774}, "datetime": {"datetime": "2022-10-27 16:44:53", "elapsed": 1955.171161, "delta": 11.675797}}
{"target": 5.350796723960002, "params": {"-2": 3.1438795136655617, "-1": -2.4970118643565864, "0": -2.459086301819106, "1": -3.226677042900743, "2": -1.3269764244991542}, "datetime": {"datetime": "2022-10-27 16:45:05", "elapsed": 1966.857585, "delta": 11.686424}}
{"target": 5.988516881145003, "params": {"-2": 4.505333472282176, "-1": -3.4111112976135476, "0": -4.961245945603195, "1": -3.7225805974261728, "2": -0.9813135295422833}, "datetime": {"datetime": "2022-10-27 16:45:16", "elapsed": 1978.500655, "delta": 11.64307}}
{"target": 5.919438251479988, "params": {"-2": 0.033176427249167376, "-1": -3.863164720653497, "0": -3.176204756260025, "1": -0.3157757206339224, "2": -1.6216071833215109}, "datetime": {"datetime": "2022-10-27 16:45:28", "elapsed": 1990.131211, "delta": 11.630556}}
{"target": 6.0663629443049985, "params": {"-2": 2.9702637611243574, "-1": -1.8134073030506692, "0": -3.148372261492981, "1": -1.7112276674575435, "2": -0.9385504321835638}, "datetime": {"datetime": "2022-10-27 16:45:40", "elapsed": 2001.810752, "delta": 11.679541}}
{"target": 6.017201229039998, "params": {"-2": -0.16080017850963468, "-1": -3.5382199929381333, "0": -2.756215488073966, "1": -2.0386814144692655, "2": -0.7013875936302885}, "datetime": {"datetime": "2022-10-27 16:45:51", "elapsed": 2013.365134, "delta": 11.554382}}
{"target": 5.690340082420008, "params": {"-2": 1.8289337634458416, "-1": -2.9193982256054465, "0": -4.820209930998222, "1": -3.2354201785381194, "2": -0.4861025350762216}, "datetime": {"datetime": "2022-10-27 16:46:03", "elapsed": 2024.902265, "delta": 11.537131}}
{"target": 6.268410328919998, "params": {"-2": -0.05730796100275956, "-1": -3.5819849201913665, "0": -3.9435071934504484, "1": -3.46348482895959, "2": 0.5225400385361585}, "datetime": {"datetime": "2022-10-27 16:46:14", "elapsed": 2036.418023, "delta": 11.515758}}
{"target": 6.205707282545006, "params": {"-2": 4.034092868332577, "-1": -2.331367608683537, "0": -2.839753258857934, "1": -0.8676880434675067, "2": -2.1171135081693246}, "datetime": {"datetime": "2022-10-27 16:46:26", "elapsed": 2047.943873, "delta": 11.52585}}
{"target": 5.010777490259997, "params": {"-2": 0.5979517866709374, "-1": -4.990199055953002, "0": -2.502759970568876, "1": -1.149896353369817, "2": -3.3890063336215093}, "datetime": {"datetime": "2022-10-27 16:46:37", "elapsed": 2059.415983, "delta": 11.47211}}
{"target": 6.2005819870450125, "params": {"-2": -1.3348950838144837, "-1": -4.212272494283851, "0": -4.547405492218681, "1": -3.9909621154902197, "2": 0.042712238833987115}, "datetime": {"datetime": "2022-10-27 16:46:49", "elapsed": 2070.952589, "delta": 11.536606}}
{"target": 6.423370654585, "params": {"-2": 3.6637707097950294, "-1": -3.4505513147466105, "0": -4.101544430104655, "1": -3.015388186087913, "2": -2.673601081431638}, "datetime": {"datetime": "2022-10-27 16:47:00", "elapsed": 2082.50719, "delta": 11.554601}}
{"target": 6.030347498274992, "params": {"-2": 3.3597403954769134, "-1": -4.9707318507382565, "0": -5.0, "1": -2.510085639355257, "2": -0.22187249913250995}, "datetime": {"datetime": "2022-10-27 16:47:12", "elapsed": 2094.132349, "delta": 11.625159}}
{"target": 5.611850243110013, "params": {"-2": 3.484351562100574, "-1": -2.6977425286335848, "0": -5.0, "1": -4.307057118929591, "2": -2.7392563676821857}, "datetime": {"datetime": "2022-10-27 16:47:24", "elapsed": 2105.70856, "delta": 11.576211}}
{"target": 6.039957741669994, "params": {"-2": 4.365849441071498, "-1": -3.784425181242278, "0": -3.080209327492378, "1": -2.3579041411872836, "2": -3.899928499113796}, "datetime": {"datetime": "2022-10-27 16:47:35", "elapsed": 2117.241991, "delta": 11.533431}}
{"target": 5.358044594644994, "params": {"-2": 4.647576430245639, "-1": -3.246079481803239, "0": -4.721330986919313, "1": -2.1164955100851746, "2": -4.0813141210947155}, "datetime": {"datetime": "2022-10-27 16:47:47", "elapsed": 2128.792886, "delta": 11.550895}}
{"target": 6.052048023699982, "params": {"-2": 2.0537416603301235, "-1": -4.43448209385175, "0": -3.7311351420549235, "1": -2.883640480921578, "2": 1.307224845170345}, "datetime": {"datetime": "2022-10-27 16:47:58", "elapsed": 2140.332694, "delta": 11.539808}}
{"target": 5.752676058965008, "params": {"-2": 0.13773445888581204, "-1": -4.812849772321451, "0": -4.561828157417105, "1": -4.748541016934434, "2": 0.2235903661708436}, "datetime": {"datetime": "2022-10-27 16:48:10", "elapsed": 2151.87994, "delta": 11.547246}}
{"target": 5.602018715275008, "params": {"-2": 1.2559808501378615, "-1": -4.158006039125276, "0": -4.094247452209591, "1": -4.664730534979683, "2": 2.0670580960415066}, "datetime": {"datetime": "2022-10-27 16:48:21", "elapsed": 2163.527017, "delta": 11.647077}}
{"target": 4.819226743279998, "params": {"-2": 4.242558737488956, "-1": -3.1812654097400648, "0": -3.033532914562981, "1": -4.728814353063275, "2": -3.307881901485532}, "datetime": {"datetime": "2022-10-27 16:48:33", "elapsed": 2175.118469, "delta": 11.591452}}
{"target": 6.302946117814997, "params": {"-2": -1.348721380927777, "-1": -3.988196087636428, "0": -4.537976922348604, "1": -3.1213090307380877, "2": 1.532148455707408}, "datetime": {"datetime": "2022-10-27 16:48:44", "elapsed": 2186.618741, "delta": 11.500272}}
{"target": 5.869733617225009, "params": {"-2": -1.6373230870387347, "-1": -3.886465426770216, "0": -4.198896547635274, "1": -4.608401875625157, "2": 1.889857914053187}, "datetime": {"datetime": "2022-10-27 16:48:56", "elapsed": 2198.133947, "delta": 11.515206}}
{"target": 6.0723392356499915, "params": {"-2": 0.2802363126458953, "-1": -3.8763092128060785, "0": -4.393404665204063, "1": -2.006689504530134, "2": 2.4969647843868596}, "datetime": {"datetime": "2022-10-27 16:49:08", "elapsed": 2209.735116, "delta": 11.601169}}
{"target": 5.75939909755499, "params": {"-2": -0.4962430042066404, "-1": -3.4533770692174346, "0": -3.147364815720429, "1": -3.17956042018039, "2": 2.3262061711240567}, "datetime": {"datetime": "2022-10-27 16:49:19", "elapsed": 2221.330923, "delta": 11.595807}}
{"target": 6.446450171704996, "params": {"-2": -0.4493136031703507, "-1": -5.0, "0": -5.0, "1": -3.3880833307956926, "2": 2.6279100669388153}, "datetime": {"datetime": "2022-10-27 16:49:31", "elapsed": 2232.923459, "delta": 11.592536}}
{"target": 6.04905016439001, "params": {"-2": -1.4959946820704206, "-1": -4.257501258383731, "0": -5.0, "1": -2.5694155557442513, "2": 3.3959814672620157}, "datetime": {"datetime": "2022-10-27 16:49:42", "elapsed": 2244.459903, "delta": 11.536444}}
{"target": 6.335098414520004, "params": {"-2": 0.5191668222134033, "-1": -5.0, "0": -5.0, "1": -2.8128487468545473, "2": 4.0282077815626485}, "datetime": {"datetime": "2022-10-27 16:49:54", "elapsed": 2256.127962, "delta": 11.668059}}
{"target": 5.973917790325004, "params": {"-2": -0.04785543645769698, "-1": -3.5301264953368086, "0": -5.0, "1": -3.825258895953436, "2": 3.7349881905629663}, "datetime": {"datetime": "2022-10-27 16:50:06", "elapsed": 2267.871879, "delta": 11.743917}}
{"target": 6.160297048325006, "params": {"-2": -0.539881790259253, "-1": -4.546859127646444, "0": -3.343186987969559, "1": -1.9309255285620566, "2": 4.178965343849518}, "datetime": {"datetime": "2022-10-27 16:50:17", "elapsed": 2279.40241, "delta": 11.530531}}
{"target": 4.7528743079749916, "params": {"-2": -0.002930482884899875, "-1": -5.0, "0": -5.0, "1": -0.8142995593602259, "2": 4.02126991740305}, "datetime": {"datetime": "2022-10-27 16:50:29", "elapsed": 2291.022215, "delta": 11.619805}}
{"target": 5.204839144504987, "params": {"-2": -0.49480009766495403, "-1": -5.0, "0": -3.7666472446707484, "1": -3.6985216689660088, "2": 3.9101412681374015}, "datetime": {"datetime": "2022-10-27 16:50:40", "elapsed": 2302.598317, "delta": 11.576102}}
{"target": 6.327628376759989, "params": {"-2": 4.572003710683466, "-1": -4.631070626363666, "0": -4.550284545847136, "1": -3.609366348134506, "2": 0.2963534256495217}, "datetime": {"datetime": "2022-10-27 16:50:52", "elapsed": 2314.13819, "delta": 11.539873}}
{"target": 6.440665731569993, "params": {"-2": 1.2443846319194902, "-1": -5.0, "0": -5.0, "1": -3.001965217694053, "2": 2.530120803586838}, "datetime": {"datetime": "2022-10-27 16:51:04", "elapsed": 2325.689634, "delta": 11.551444}}
{"target": 6.116247655310005, "params": {"-2": 0.25012244187907523, "-1": -3.703602507521837, "0": -5.0, "1": -3.3993074439307764, "2": 1.809563555177936}, "datetime": {"datetime": "2022-10-27 16:51:15", "elapsed": 2337.236518, "delta": 11.546884}}
{"target": 6.376962499109993, "params": {"-2": 4.119202782531657, "-1": -4.890851010828099, "0": -4.667556460811214, "1": -3.70401685710799, "2": 2.233018783270909}, "datetime": {"datetime": "2022-10-27 16:51:27", "elapsed": 2348.885099, "delta": 11.648581}}
{"target": 6.306851786395001, "params": {"-2": 2.760459992679902, "-1": -4.8159260137363615, "0": -4.713165014030734, "1": -4.07245937847275, "2": 4.362057471216456}, "datetime": {"datetime": "2022-10-27 16:51:38", "elapsed": 2360.444168, "delta": 11.559069}}
{"target": 6.020188661730003, "params": {"-2": 2.801225486485526, "-1": -4.01836575176392, "0": -5.0, "1": -2.6173830975135104, "2": 3.3136324880119026}, "datetime": {"datetime": "2022-10-27 16:51:50", "elapsed": 2372.020455, "delta": 11.576287}}
{"target": 4.958654649764995, "params": {"-2": 3.251755209620356, "-1": -4.02266673761668, "0": -3.062675684143319, "1": -3.854060865144878, "2": 2.775983730232751}, "datetime": {"datetime": "2022-10-27 16:52:02", "elapsed": 2383.805812, "delta": 11.785357}}
{"target": 6.361413054950006, "params": {"-2": 4.682945748757374, "-1": -5.0, "0": -5.0, "1": -3.5044328531773306, "2": 4.087788429895766}, "datetime": {"datetime": "2022-10-27 16:52:13", "elapsed": 2395.427615, "delta": 11.621803}}
{"target": 5.352887214150002, "params": {"-2": 3.873631035263763, "-1": -4.8264814821502515, "0": -4.659927920091392, "1": -1.2519532858447557, "2": 2.417878782789991}, "datetime": {"datetime": "2022-10-27 16:52:25", "elapsed": 2407.070018, "delta": 11.642403}}
{"target": 5.885429843849991, "params": {"-2": 1.6829836144935844, "-1": -3.573719048026411, "0": -5.0, "1": -3.082424198905949, "2": 5.0}, "datetime": {"datetime": "2022-10-27 16:52:37", "elapsed": 2418.882343, "delta": 11.812325}}
{"target": 5.634713995925011, "params": {"-2": 4.783700874012673, "-1": -2.9366365711633713, "0": -4.907860672082439, "1": -2.811253573127198, "2": 4.895969199650274}, "datetime": {"datetime": "2022-10-27 16:52:48", "elapsed": 2430.501481, "delta": 11.619138}}
{"target": 6.467669933069999, "params": {"-2": -3.0633564272122045, "-1": -5.0, "0": -5.0, "1": -3.3324080365928417, "2": 1.4696504184218293}, "datetime": {"datetime": "2022-10-27 16:53:00", "elapsed": 2442.103226, "delta": 11.601745}}
{"target": 6.090692024260008, "params": {"-2": -4.181754257553633, "-1": -3.7647148188381307, "0": -4.738979324579296, "1": -3.133642145089799, "2": 0.38308448837947573}, "datetime": {"datetime": "2022-10-27 16:53:12", "elapsed": 2453.706034, "delta": 11.602808}}
{"target": 6.412005350290002, "params": {"-2": -3.7667334317948384, "-1": -4.983279546793998, "0": -4.109000901765764, "1": -2.1728234717207426, "2": 2.0680423862149517}, "datetime": {"datetime": "2022-10-27 16:53:23", "elapsed": 2465.248369, "delta": 11.542335}}
{"target": 5.914461192840008, "params": {"-2": -4.172167177829383, "-1": -3.8932562411313465, "0": -5.0, "1": -3.392209994416459, "2": 2.8404834090362465}, "datetime": {"datetime": "2022-10-27 16:53:35", "elapsed": 2476.916156, "delta": 11.667787}}
{"target": 4.530082916729995, "params": {"-2": -4.189855776735001, "-1": -5.0, "0": -3.315586953024072, "1": -4.001726814425508, "2": 1.4588247909172545}, "datetime": {"datetime": "2022-10-27 16:53:46", "elapsed": 2488.622536, "delta": 11.70638}}
{"target": 5.118387939759998, "params": {"-2": -4.298973556182675, "-1": -4.4610679035058185, "0": -4.611385215938311, "1": -1.1057238877908073, "2": 0.8108428068878748}, "datetime": {"datetime": "2022-10-27 16:53:58", "elapsed": 2500.335379, "delta": 11.712843}}
{"target": 5.698759647900005, "params": {"-2": -2.352912626018729, "-1": -5.0, "0": -5.0, "1": -1.9987797351973176, "2": 2.017811872019736}, "datetime": {"datetime": "2022-10-27 16:54:10", "elapsed": 2511.989875, "delta": 11.654496}}
{"target": 5.870491679834998, "params": {"-2": 0.21981900766687026, "-1": -5.0, "0": -3.890053321837617, "1": -3.065522551924765, "2": 1.5988402027016269}, "datetime": {"datetime": "2022-10-27 16:54:22", "elapsed": 2523.733956, "delta": 11.744081}}
{"target": 5.457313393795005, "params": {"-2": -2.825753294004897, "-1": -3.3353712320915183, "0": -5.0, "1": -3.4916587379956088, "2": 1.3200598996678368}, "datetime": {"datetime": "2022-10-27 16:54:33", "elapsed": 2535.459877, "delta": 11.725921}}
{"target": 6.155818638739987, "params": {"-2": 3.245414426114874, "-1": -2.8922588065263963, "0": -2.342216977641509, "1": -1.4915484284707556, "2": -3.32579112835444}, "datetime": {"datetime": "2022-10-27 16:54:45", "elapsed": 2547.101793, "delta": 11.641916}}
{"target": 6.352207553615003, "params": {"-2": 1.3494145416438599, "-1": -5.0, "0": -5.0, "1": -4.170002723741924, "2": 3.6260643543192104}, "datetime": {"datetime": "2022-10-27 16:54:57", "elapsed": 2558.699363, "delta": 11.59757}}
{"target": 6.1613463132599975, "params": {"-2": 3.7886742581617856, "-1": -3.7841570562539784, "0": -4.702928970350689, "1": -4.747970303027582, "2": 4.693659591686329}, "datetime": {"datetime": "2022-10-27 16:55:08", "elapsed": 2570.320708, "delta": 11.621345}}
{"target": 6.365598777494995, "params": {"-2": -3.620420421898105, "-1": -5.0, "0": -3.9601864558637847, "1": -2.0136652149487277, "2": 3.829905668267357}, "datetime": {"datetime": "2022-10-27 16:55:20", "elapsed": 2581.990369, "delta": 11.669661}}
{"target": 6.081209576855002, "params": {"-2": 5.0, "-1": -5.0, "0": -5.0, "1": -5.0, "2": 1.6076361673593347}, "datetime": {"datetime": "2022-10-27 16:55:31", "elapsed": 2593.590018, "delta": 11.599649}}
{"target": 6.2566444466300055, "params": {"-2": -2.6144666681526836, "-1": -3.88104275087016, "0": -2.9504111695843758, "1": -1.6064341371394129, "2": 3.4747550983495485}, "datetime": {"datetime": "2022-10-27 16:55:43", "elapsed": 2605.168887, "delta": 11.578869}}
{"target": 6.148773531519993, "params": {"-2": -3.0013916287018065, "-1": -3.3676522660884034, "0": -4.038912293488605, "1": -2.151424417560296, "2": 5.0}, "datetime": {"datetime": "2022-10-27 16:55:55", "elapsed": 2616.843655, "delta": 11.674768}}
{"target": 6.361366575730003, "params": {"-2": -4.657555338243899, "-1": -3.524656286706526, "0": -3.521418066404423, "1": -1.3828734876626023, "2": 3.6379370930452777}, "datetime": {"datetime": "2022-10-27 16:56:06", "elapsed": 2628.497171, "delta": 11.653516}}
{"target": 5.989167118574997, "params": {"-2": -4.188873951941954, "-1": -4.077538731444456, "0": -2.4597126506943234, "1": -0.7114445311307938, "2": 4.843552504960616}, "datetime": {"datetime": "2022-10-27 16:56:18", "elapsed": 2640.058355, "delta": 11.561184}}
{"target": 4.13134418301, "params": {"-2": -3.715433073932308, "-1": -3.954164343695935, "0": -4.783411659216885, "1": -0.3309608040108627, "2": 4.182305431394444}, "datetime": {"datetime": "2022-10-27 16:56:30", "elapsed": 2651.766187, "delta": 11.707832}}
{"target": 5.102410666449998, "params": {"-2": -4.092815377749817, "-1": -3.880784591053252, "0": -2.7349609036141125, "1": -2.756199332409973, "2": 4.138220314973556}, "datetime": {"datetime": "2022-10-27 16:56:41", "elapsed": 2663.402504, "delta": 11.636317}}
{"target": 4.570430950884997, "params": {"-2": -1.3544376662390656, "-1": -4.435348903727226, "0": -2.0547133783263307, "1": -1.4436894184452607, "2": 4.687753585949222}, "datetime": {"datetime": "2022-10-27 16:56:53", "elapsed": 2675.062107, "delta": 11.659603}}
{"target": 6.0072370266649955, "params": {"-2": 3.9400055218760306, "-1": -5.0, "0": -5.0, "1": -4.811444739050373, "2": 3.372158104457862}, "datetime": {"datetime": "2022-10-27 16:57:05", "elapsed": 2686.824793, "delta": 11.762686}}
{"target": 6.370193801360003, "params": {"-2": 4.9798563716033, "-1": -1.6928175249086999, "0": -2.401357083518682, "1": -1.3684452997333172, "2": -0.8755314589618908}, "datetime": {"datetime": "2022-10-27 16:57:16", "elapsed": 2698.522164, "delta": 11.697371}}
{"target": 6.3374000670849995, "params": {"-2": 2.01331986203002, "-1": -5.0, "0": -5.0, "1": -2.732961434693238, "2": 4.147489347886913}, "datetime": {"datetime": "2022-10-27 16:57:28", "elapsed": 2710.234622, "delta": 11.712458}}
{"target": 6.504207493869998, "params": {"-2": -3.6486781037745897, "-1": -3.1314565537678196, "0": -3.168392027328774, "1": -1.509953417014096, "2": 2.3266376743688735}, "datetime": {"datetime": "2022-10-27 16:57:40", "elapsed": 2721.982281, "delta": 11.747659}}
{"target": 6.329041402759998, "params": {"-2": -3.058200317887576, "-1": -3.632481656280233, "0": -4.073465424211471, "1": -2.3131213109091444, "2": 2.8893713889063184}, "datetime": {"datetime": "2022-10-27 16:57:52", "elapsed": 2733.681079, "delta": 11.698798}}
{"target": 6.257026004989996, "params": {"-2": -4.179780064068316, "-1": -1.9616252129733436, "0": -2.4158580889512917, "1": -1.6105959235568204, "2": 2.990270391557254}, "datetime": {"datetime": "2022-10-27 16:58:03", "elapsed": 2745.27153, "delta": 11.590451}}
{"target": 5.602150170040005, "params": {"-2": -2.7191375223792233, "-1": -2.014032531223258, "0": -3.4656326334706034, "1": -1.694356863756138, "2": 3.447460949811635}, "datetime": {"datetime": "2022-10-27 16:58:15", "elapsed": 2756.96028, "delta": 11.68875}}
{"target": 6.228147807689993, "params": {"-2": -4.406649127586908, "-1": -3.3743893602691513, "0": -2.29027871773002, "1": -0.6303403358007937, "2": 3.180634753462236}, "datetime": {"datetime": "2022-10-27 16:58:26", "elapsed": 2768.656362, "delta": 11.696082}}
{"target": 5.639848182275003, "params": {"-2": -5.0, "-1": -2.457337207368453, "0": -3.8176596515833467, "1": -1.9307299458160556, "2": 2.29895687192344}, "datetime": {"datetime": "2022-10-27 16:58:38", "elapsed": 2780.432444, "delta": 11.776082}}
{"target": 6.451502383224991, "params": {"-2": -2.774568576511307, "-1": -5.0, "0": -5.0, "1": -3.6630425896705234, "2": 3.2179215262461285}, "datetime": {"datetime": "2022-10-27 16:58:50", "elapsed": 2792.165655, "delta": 11.733211}}
{"target": 5.369971705010002, "params": {"-2": -3.8589659533227305, "-1": -4.958519273423374, "0": -2.74741170586334, "1": -1.1735797320657826, "2": 2.6431553356480046}, "datetime": {"datetime": "2022-10-27 16:59:02", "elapsed": 2803.845249, "delta": 11.679594}}
{"target": 6.385537179744986, "params": {"-2": -3.1618708042713877, "-1": -4.988027640127746, "0": -5.0, "1": -3.1136119739782773, "2": 4.825628365424223}, "datetime": {"datetime": "2022-10-27 16:59:13", "elapsed": 2815.620535, "delta": 11.775286}}
{"target": 6.198945345015005, "params": {"-2": -5.0, "-1": -2.0853808849940605, "0": -2.576850102672997, "1": -0.6841313111268569, "2": 4.4794493619882365}, "datetime": {"datetime": "2022-10-27 16:59:25", "elapsed": 2827.300199, "delta": 11.679664}}
{"target": 5.25511160472, "params": {"-2": -4.273921738346103, "-1": -1.750470004220626, "0": -2.5865283744569245, "1": 0.2302412439939845, "2": 2.5296506192915946}, "datetime": {"datetime": "2022-10-27 16:59:37", "elapsed": 2839.042787, "delta": 11.742588}}
{"target": 5.602501575909997, "params": {"-2": -2.6290513879456197, "-1": -3.5021459479544435, "0": -5.0, "1": -3.8820809816692785, "2": 4.494865799578566}, "datetime": {"datetime": "2022-10-27 16:59:49", "elapsed": 2850.708243, "delta": 11.665456}}
{"target": 6.06810868616499, "params": {"-2": 5.0, "-1": -3.611864837036754, "0": -5.0, "1": -3.946293559664661, "2": 2.81771043677947}, "datetime": {"datetime": "2022-10-27 17:00:00", "elapsed": 2862.352118, "delta": 11.643875}}
{"target": 4.884741535420005, "params": {"-2": -5.0, "-1": -2.432726110431534, "0": -0.8450729811311813, "1": -1.3031433912292678, "2": 3.8964012923829694}, "datetime": {"datetime": "2022-10-27 17:00:12", "elapsed": 2874.04119, "delta": 11.689072}}
{"target": 5.253740301245003, "params": {"-2": -3.7806674366943915, "-1": -2.0740739246492055, "0": -1.59339837072599, "1": -2.0677255187819, "2": 1.5058971922604307}, "datetime": {"datetime": "2022-10-27 17:00:24", "elapsed": 2885.692401, "delta": 11.651211}}
{"target": 5.787280760255001, "params": {"-2": 3.704723700047518, "-1": -4.95083400449738, "0": -3.867042419597879, "1": -3.3415456475267558, "2": 4.638028042319856}, "datetime": {"datetime": "2022-10-27 17:00:35", "elapsed": 2897.31243, "delta": 11.620029}}
{"target": 6.347832159310002, "params": {"-2": 1.5351343192381597, "-1": -4.5724353942366385, "0": -3.6773882684335124, "1": -2.1540425247420303, "2": 3.941190960758851}, "datetime": {"datetime": "2022-10-27 17:00:47", "elapsed": 2909.173371, "delta": 11.860941}}
{"target": 6.363836897905017, "params": {"-2": -4.695778599960509, "-1": -5.0, "0": -5.0, "1": -2.8421996510241203, "2": 4.110288412892171}, "datetime": {"datetime": "2022-10-27 17:00:59", "elapsed": 2921.052516, "delta": 11.879145}}
{"target": 6.434353956479981, "params": {"-2": 3.916871130450712, "-1": -2.0375293453187524, "0": -1.7709444031579844, "1": -0.641772148744927, "2": -0.08233391825864889}, "datetime": {"datetime": "2022-10-27 17:01:10", "elapsed": 2932.631374, "delta": 11.578858}}
