{"target": 3.672259899324999, "params": {"-2": -0.8297799529742598, "-1": 2.2032449344215808, "0": -4.998856251826551, "1": -1.9766742736816023, "2": -3.5324410918288693}, "datetime": {"datetime": "2022-10-27 16:12:18", "elapsed": 0.0, "delta": 0.0}}
{"target": 4.857620895509996, "params": {"-2": -4.846234085504282, "-1": 2.7074793444861367, "0": 1.656821444196619, "1": 4.30986763422421, "2": 4.748790445418436}, "datetime": {"datetime": "2022-10-27 16:12:29", "elapsed": 11.250986, "delta": 11.250986}}
{"target": 5.860710347349993, "params": {"-2": -2.001013671379516, "-1": -0.41537280025779566, "0": 0.8613775468632969, "1": 2.430876794024983, "2": -0.2580241466340807}, "datetime": {"datetime": "2022-10-27 16:12:40", "elapsed": 22.48699, "delta": 11.236004}}
{"target": 6.268176960055001, "params": {"-2": -2.724430855366775, "-1": 0.6315368502378175, "0": 1.5368609956710346, "1": 3.1403178258449675, "2": -0.6247959045739147}, "datetime": {"datetime": "2022-10-27 16:12:52", "elapsed": 33.738772, "delta": 11.251782}}
{"target": 2.7367109352599925, "params": {"-2": -3.2529426209818997, "-1": -0.8545455534984244, "0": 5.0, "1": 5.0, "2": -4.138130719689165}, "datetime": {"datetime": "2022-10-27 16:13:03", "elapsed": 45.381437, "delta": 11.642665}}
{"target": 3.319980043664998, "params": {"-2": -0.7393000070873218, "-1": 3.4561090816365505, "0": 0.3932358221479356, "1": 3.492432780997054, "2": 0.5806869029333175}, "datetime": {"datetime": "2022-10-27 16:13:15", "elapsed": 57.054154, "delta": 11.672717}}
{"target": 5.255929829739998, "params": {"-2": -4.757203245500055, "-1": -0.3447597908854768, "0": 1.4333797103207973, "1": 2.6634822613788134, "2": 0.7758810929279617}, "datetime": {"datetime": "2022-10-27 16:13:26", "elapsed": 68.554951, "delta": 11.500797}}
{"target": 6.2910550811150046, "params": {"-2": -3.9150841756634267, "-1": 0.49783182481164545, "0": 0.31594756046416705, "1": 1.6413793148521145, "2": -2.4443598805290647}, "datetime": {"datetime": "2022-10-27 16:13:38", "elapsed": 80.236037, "delta": 11.681086}}
{"target": 3.792266374489998, "params": {"-2": -3.793984874128774, "-1": -0.4298335650003543, "0": -1.1825863435679693, "1": 4.610797676052147, "2": -2.06885835062745}, "datetime": {"datetime": "2022-10-27 16:13:50", "elapsed": 91.745391, "delta": 11.509354}}
{"target": 4.3066246200150005, "params": {"-2": -3.1185423563295296, "-1": 0.783973059509927, "0": 2.440077141783323, "1": 0.4941850947157264, "2": -1.2956616978801674}, "datetime": {"datetime": "2022-10-27 16:14:01", "elapsed": 103.341431, "delta": 11.59604}}
{"target": 4.8983378562599995, "params": {"-2": -3.663812911548925, "-1": 1.2112012195194712, "0": -0.32215346658769484, "1": 1.904979705795734, "2": -0.4243806776843444}, "datetime": {"datetime": "2022-10-27 16:14:13", "elapsed": 114.869657, "delta": 11.528226}}
{"target": 6.238203388605001, "params": {"-2": -2.092467917080058, "-1": 0.2397334829560993, "0": 0.9957402013285162, "1": 2.6232445672305635, "2": -2.632572564267299}, "datetime": {"datetime": "2022-10-27 16:14:24", "elapsed": 126.411752, "delta": 11.542095}}
{"target": 5.705675841689995, "params": {"-2": -2.613844789831709, "-1": -1.3569256481535799, "0": -0.06686788929324163, "1": 0.8888292461696896, "2": -3.407897186606961}, "datetime": {"datetime": "2022-10-27 16:14:36", "elapsed": 137.832142, "delta": 11.42039}}
{"target": 5.664969612154991, "params": {"-2": -3.0814721431921153, "-1": 1.4194196390959821, "0": 0.20719231277407774, "1": 1.5567511879466682, "2": -4.8708969111356275}, "datetime": {"datetime": "2022-10-27 16:14:47", "elapsed": 149.292817, "delta": 11.460675}}
{"target": 5.967205184020003, "params": {"-2": -4.8891817172911365, "-1": 2.3611127589921175, "0": 1.554704673098688, "1": 3.0278009996799256, "2": -3.6062326774545816}, "datetime": {"datetime": "2022-10-27 16:14:59", "elapsed": 160.692033, "delta": 11.399216}}
{"target": 5.150399625915, "params": {"-2": -5.0, "-1": -0.6886955896970713, "0": 1.4450473746315295, "1": 1.7068843122449486, "2": -4.547226983289173}, "datetime": {"datetime": "2022-10-27 16:15:10", "elapsed": 172.239349, "delta": 11.547316}}
{"target": 3.3698077901499914, "params": {"-2": -5.0, "-1": 3.50924355773205, "0": -0.4190680531290383, "1": 0.7959069708630622, "2": -3.532423673780664}, "datetime": {"datetime": "2022-10-27 16:15:22", "elapsed": 183.799201, "delta": 11.559852}}
{"target": 5.5815685175450085, "params": {"-2": -2.3520704752611477, "-1": 2.4084084351088326, "0": 1.734987183404409, "1": 3.810833596140465, "2": -3.380453209295085}, "datetime": {"datetime": "2022-10-27 16:15:33", "elapsed": 195.362446, "delta": 11.563245}}
{"target": 6.352473270324992, "params": {"-2": 0.08730101755021419, "-1": 0.2916373944500359, "0": 0.2984072207700731, "1": 1.7306418046327003, "2": -4.449207660804195}, "datetime": {"datetime": "2022-10-27 16:15:45", "elapsed": 206.834514, "delta": 11.472068}}
{"target": 4.735622197560005, "params": {"-2": 0.779188033278542, "-1": -1.5005000331412797, "0": 0.8987162620071037, "1": 2.239868399358714, "2": -2.5627125347247506}, "datetime": {"datetime": "2022-10-27 16:15:56", "elapsed": 218.313566, "delta": 11.479052}}
{"target": 5.188095771635005, "params": {"-2": -0.6372693509132832, "-1": 1.4868554482794578, "0": 2.2501619523631957, "1": 1.3548470958071868, "2": -5.0}, "datetime": {"datetime": "2022-10-27 16:16:08", "elapsed": 229.787405, "delta": 11.473839}}
{"target": 3.8917569195649975, "params": {"-2": -0.9640459367928562, "-1": 0.7859469354323553, "0": -0.6720426878809808, "1": 3.4937636862754267, "2": -5.0}, "datetime": {"datetime": "2022-10-27 16:16:19", "elapsed": 241.331438, "delta": 11.544033}}
{"target": 5.917271513795015, "params": {"-2": -1.2837280688054902, "-1": 0.7510059371571677, "0": 0.10017418203133024, "1": 0.7908091122586011, "2": -3.123525385812466}, "datetime": {"datetime": "2022-10-27 16:16:31", "elapsed": 252.827693, "delta": 11.496255}}
{"target": 5.810196799309992, "params": {"-2": -4.19670255757981, "-1": 0.5553447954640363, "0": 1.8943567992322092, "1": 3.294569319851255, "2": -2.3088528395383503}, "datetime": {"datetime": "2022-10-27 16:16:42", "elapsed": 264.273685, "delta": 11.445992}}
{"target": 5.395479414955005, "params": {"-2": -0.13030016795115792, "-1": -0.5109578590627273, "0": 0.0967196671099719, "1": -0.27945435445993033, "2": -5.0}, "datetime": {"datetime": "2022-10-27 16:16:54", "elapsed": 275.851929, "delta": 11.578244}}
{"target": 5.683840055905009, "params": {"-2": 1.5323277162862623, "-1": 1.5466278310994825, "0": 0.0689649338562008, "1": 0.7403115581318224, "2": -3.767154825964102}, "datetime": {"datetime": "2022-10-27 16:17:05", "elapsed": 287.321452, "delta": 11.469523}}
{"target": 3.5687417386349978, "params": {"-2": -1.9421275112277194, "-1": -0.7718602747573616, "0": 2.6775439893847337, "1": 4.377310271822537, "2": 0.05427239439149948}, "datetime": {"datetime": "2022-10-27 16:17:17", "elapsed": 298.695837, "delta": 11.374385}}
{"target": 4.441362199980006, "params": {"-2": -3.5767133285652832, "-1": -1.4116800698465666, "0": 1.0655365775068573, "1": 2.10222455867392, "2": -1.7900022834018752}, "datetime": {"datetime": "2022-10-27 16:17:28", "elapsed": 310.198142, "delta": 11.502305}}
{"target": 5.821927394975006, "params": {"-2": -3.012040766837903, "-1": 1.8875755481670768, "0": 0.9576230340799868, "1": 2.3447180687485103, "2": -2.3971544699011784}, "datetime": {"datetime": "2022-10-27 16:17:40", "elapsed": 321.687827, "delta": 11.489685}}
{"target": 6.280159426764996, "params": {"-2": -0.07158530777021893, "-1": 1.318029205188793, "0": 1.2161727280850878, "1": 2.229934203963749, "2": -2.6679984827143626}, "datetime": {"datetime": "2022-10-27 16:17:51", "elapsed": 333.130908, "delta": 11.443081}}
{"target": 4.991054285269996, "params": {"-2": -0.58219824683878, "-1": 0.5857710423332037, "0": -0.5388298034749942, "1": 2.2715263846517026, "2": -1.5979687001780916}, "datetime": {"datetime": "2022-10-27 16:18:02", "elapsed": 344.664135, "delta": 11.533227}}
{"target": 6.04564955587, "params": {"-2": 1.6134157108188454, "-1": 1.0007011502781582, "0": 1.6185450609809058, "1": 2.615275597613997, "2": -4.099083018008876}, "datetime": {"datetime": "2022-10-27 16:18:14", "elapsed": 356.072459, "delta": 11.408324}}
{"target": 4.6358314123149995, "params": {"-2": 0.8127746690473957, "-1": 0.5095930050691584, "0": 2.142103364465723, "1": 0.5415580535444231, "2": -3.0922533282257514}, "datetime": {"datetime": "2022-10-27 16:18:25", "elapsed": 367.4651, "delta": 11.392641}}
{"target": 4.709021166460005, "params": {"-2": 0.70032058010965, "-1": 2.9269423408583317, "0": 0.8413901113587423, "1": 2.531992975800637, "2": -3.803930951570354}, "datetime": {"datetime": "2022-10-27 16:18:37", "elapsed": 378.989543, "delta": 11.524443}}
{"target": 5.316626628199998, "params": {"-2": -0.4511532853687717, "-1": 0.2906848140730969, "0": 1.98354595567196, "1": 3.1512599862395607, "2": -3.6855983080808277}, "datetime": {"datetime": "2022-10-27 16:18:48", "elapsed": 390.459415, "delta": 11.469872}}
{"target": 6.282238229239994, "params": {"-2": 1.9983046234981727, "-1": -0.049332367458942566, "0": 0.19440015749198902, "1": 1.838565064146984, "2": -5.0}, "datetime": {"datetime": "2022-10-27 16:19:00", "elapsed": 401.923625, "delta": 11.46421}}
{"target": 5.134996250859999, "params": {"-2": 2.97353149836209, "-1": 0.6262697381152672, "0": -0.18519789714472068, "1": 2.851134005353671, "2": -3.5840926052636264}, "datetime": {"datetime": "2022-10-27 16:19:11", "elapsed": 413.364803, "delta": 11.441178}}
{"target": 5.005833832020002, "params": {"-2": 1.181608033859232, "-1": -0.16673961113958477, "0": -1.504798237363391, "1": 1.0955112456127944, "2": -4.523564663810644}, "datetime": {"datetime": "2022-10-27 16:19:23", "elapsed": 424.944285, "delta": 11.579482}}
{"target": 4.369252749734997, "params": {"-2": 1.1532233640042422, "-1": -0.7900136904968516, "0": 1.6460160123749619, "1": 1.9908575756485272, "2": -5.0}, "datetime": {"datetime": "2022-10-27 16:19:34", "elapsed": 436.440833, "delta": 11.496548}}
{"target": 5.817215726325003, "params": {"-2": -1.4126565161912477, "-1": 1.238046865565987, "0": 1.864914614856083, "1": 2.729499758262889, "2": -1.6495427327411891}, "datetime": {"datetime": "2022-10-27 16:19:46", "elapsed": 447.946085, "delta": 11.505252}}
{"target": 5.545711248860002, "params": {"-2": -2.8205324189319656, "-1": 0.4752268801714684, "0": 1.364424105861452, "1": 1.43860182378553, "2": -3.6474917514338254}, "datetime": {"datetime": "2022-10-27 16:19:57", "elapsed": 459.301461, "delta": 11.355376}}
{"target": 6.133330959550008, "params": {"-2": 2.8546141726678296, "-1": 1.3092827053435623, "0": 0.9901712670834765, "1": 1.438797559126361, "2": -5.0}, "datetime": {"datetime": "2022-10-27 16:20:09", "elapsed": 470.829037, "delta": 11.527576}}
{"target": 5.040413400169996, "params": {"-2": -3.139130276826215, "-1": 0.4417960843413195, "0": -1.141307752108166, "1": 1.0871753571384997, "2": -3.25315979719681}, "datetime": {"datetime": "2022-10-27 16:20:20", "elapsed": 482.205095, "delta": 11.376058}}
{"target": 6.066645842180009, "params": {"-2": 3.2940640186027133, "-1": 0.06364522752098739, "0": 0.05291808952602689, "1": 0.4086023227568909, "2": -5.0}, "datetime": {"datetime": "2022-10-27 16:20:32", "elapsed": 493.769984, "delta": 11.564889}}
{"target": 5.655902846955016, "params": {"-2": 4.093047846814891, "-1": -0.24275204174171638, "0": 1.089551145890627, "1": 1.9154310129335776, "2": -5.0}, "datetime": {"datetime": "2022-10-27 16:20:43", "elapsed": 505.181444, "delta": 11.41146}}
{"target": 4.260845385650001, "params": {"-2": 3.5634567594902116, "-1": 1.7653235917698513, "0": -0.8846969546135769, "1": 1.0366839909679626, "2": -5.0}, "datetime": {"datetime": "2022-10-27 16:20:54", "elapsed": 516.630359, "delta": 11.448915}}
{"target": 5.481761881140002, "params": {"-2": -3.9811145069251075, "-1": 0.9399347419584827, "0": 0.5049391109526423, "1": 3.0286423826504314, "2": -3.6289689818966777}, "datetime": {"datetime": "2022-10-27 16:21:06", "elapsed": 528.130112, "delta": 11.499753}}
{"target": 6.124579566439991, "params": {"-2": -3.6495869347436245, "-1": 2.127626970797188, "0": 1.9334305670479406, "1": 3.8247403878669872, "2": -1.2689579836261728}, "datetime": {"datetime": "2022-10-27 16:21:17", "elapsed": 539.641663, "delta": 11.511551}}
{"target": 5.677782590149988, "params": {"-2": -4.262267112555914, "-1": 2.632415641424447, "0": 3.182548038084197, "1": 3.204682074826503, "2": -2.502694144610893}, "datetime": {"datetime": "2022-10-27 16:21:29", "elapsed": 551.041447, "delta": 11.399784}}
{"target": 4.628694150184998, "params": {"-2": 3.4588439342777155, "-1": 0.5337490659942716, "0": 1.9396074226896074, "1": -0.1548514527569961, "2": -5.0}, "datetime": {"datetime": "2022-10-27 16:21:40", "elapsed": 562.43433, "delta": 11.392883}}
{"target": 6.070565444430002, "params": {"-2": 3.2727155257494402, "-1": -1.5544483208291673, "0": -0.44482404342774534, "1": 1.3158920837688617, "2": -5.0}, "datetime": {"datetime": "2022-10-27 16:21:52", "elapsed": 573.788151, "delta": 11.353821}}
{"target": 5.412292481924993, "params": {"-2": 3.6591741067507892, "-1": -1.642245837764965, "0": -0.6067522388715717, "1": -0.6660722580772447, "2": -5.0}, "datetime": {"datetime": "2022-10-27 16:22:03", "elapsed": 585.167345, "delta": 11.379194}}
{"target": 5.769176855314996, "params": {"-2": 3.160093092642234, "-1": -0.8217622469506697, "0": 0.1401009184337123, "1": 0.8188816386729918, "2": -3.380510443206408}, "datetime": {"datetime": "2022-10-27 16:22:14", "elapsed": 596.598536, "delta": 11.431191}}
{"target": 4.752882601774999, "params": {"-2": -5.0, "-1": 2.43051571026044, "0": 1.5992109478443546, "1": 4.766454955838495, "2": -2.4229511940536645}, "datetime": {"datetime": "2022-10-27 16:22:26", "elapsed": 608.016934, "delta": 11.418398}}
{"target": 5.264405303250001, "params": {"-2": -3.93739238698633, "-1": 1.58112979962266, "0": 2.830620232533464, "1": 2.9604782313541755, "2": -0.1948894561677507}, "datetime": {"datetime": "2022-10-27 16:22:37", "elapsed": 619.44294, "delta": 11.426006}}
{"target": 5.395182281485006, "params": {"-2": -2.522649390036509, "-1": 1.104413663347573, "0": 1.0432338110297086, "1": 4.055958296419169, "2": -1.8435209424864385}, "datetime": {"datetime": "2022-10-27 16:22:49", "elapsed": 630.945843, "delta": 11.502903}}
{"target": 5.435273321615, "params": {"-2": -3.659814275400609, "-1": 2.154079744096258, "0": 2.5652969446681237, "1": 2.3493346126430708, "2": -4.3741197580484945}, "datetime": {"datetime": "2022-10-27 16:23:00", "elapsed": 642.410685, "delta": 11.464842}}
{"target": 6.113378622720006, "params": {"-2": 3.1281056848387974, "-1": 1.4795330369620345, "0": 1.9208384438728414, "1": 3.075012576883886, "2": -5.0}, "datetime": {"datetime": "2022-10-27 16:23:12", "elapsed": 653.884406, "delta": 11.473721}}
{"target": 5.764996276195006, "params": {"-2": 3.26095518583928, "-1": 1.7270674065852856, "0": 2.1449935554006916, "1": 2.168303152757065, "2": -3.436927177635673}, "datetime": {"datetime": "2022-10-27 16:23:23", "elapsed": 665.388756, "delta": 11.50435}}
{"target": 6.354061374939988, "params": {"-2": 5.0, "-1": -1.218683289095272, "0": -0.6949530584680519, "1": 1.2411339276803734, "2": -4.199183102906805}, "datetime": {"datetime": "2022-10-27 16:23:35", "elapsed": 676.712638, "delta": 11.323882}}
{"target": 4.183088202799993, "params": {"-2": 4.6769932026340735, "-1": -2.6112153837953316, "0": 0.2911084601108072, "1": 1.5607790454769401, "2": -4.052022672284298}, "datetime": {"datetime": "2022-10-27 16:23:46", "elapsed": 688.196433, "delta": 11.483795}}
{"target": 5.2545917384900065, "params": {"-2": 3.9779472384116596, "-1": -0.7576013702908474, "0": -1.6723813435030948, "1": 0.966406201906509, "2": -4.309058055002456}, "datetime": {"datetime": "2022-10-27 16:23:57", "elapsed": 699.661821, "delta": 11.465388}}
{"target": 5.686272498549997, "params": {"-2": -0.35113500376496865, "-1": 1.440789042888424, "0": 0.05734125053474702, "1": 0.790513816705429, "2": -4.531126101509407}, "datetime": {"datetime": "2022-10-27 16:24:09", "elapsed": 711.103168, "delta": 11.441347}}
{"target": 6.078749352924987, "params": {"-2": -2.517047379594812, "-1": 2.8265557617433585, "0": 2.5991817810058735, "1": 3.0171951245563777, "2": -1.6446112772737251}, "datetime": {"datetime": "2022-10-27 16:24:20", "elapsed": 722.497937, "delta": 11.394769}}
{"target": 5.902315362474994, "params": {"-2": 5.0, "-1": -0.2429189952401535, "0": 0.06808735683180311, "1": 0.35108852361331216, "2": -4.02309487682339}, "datetime": {"datetime": "2022-10-27 16:24:32", "elapsed": 733.93914, "delta": 11.441203}}
{"target": 6.219593581234989, "params": {"-2": -2.6670234577409038, "-1": 2.4557926736660907, "0": 3.294548076298214, "1": 4.607369782547388, "2": -1.5569669338941876}, "datetime": {"datetime": "2022-10-27 16:24:43", "elapsed": 745.45934, "delta": 11.5202}}
{"target": 5.9069591858600035, "params": {"-2": -3.306565890556467, "-1": 3.858967560321795, "0": 2.842218995470049, "1": 4.200525321006776, "2": -1.032433861531431}, "datetime": {"datetime": "2022-10-27 16:24:55", "elapsed": 756.89853, "delta": 11.43919}}
{"target": 5.5224903141649975, "params": {"-2": -1.9510265195751373, "-1": 3.4806528317275074, "0": 4.243852870917236, "1": 4.038825377556172, "2": -1.6249313525506235}, "datetime": {"datetime": "2022-10-27 16:25:06", "elapsed": 768.376852, "delta": 11.478322}}
{"target": 5.361431027155007, "params": {"-2": -3.893525811764155, "-1": 2.4999695539051823, "0": 4.351196210900662, "1": 4.8034262212625265, "2": -0.7894669352540546}, "datetime": {"datetime": "2022-10-27 16:25:18", "elapsed": 779.805083, "delta": 11.428231}}
{"target": 6.035673368985002, "params": {"-2": 5.0, "-1": -0.4273152998281123, "0": -0.6404090283058813, "1": 1.633875148590922, "2": -2.7193765131003276}, "datetime": {"datetime": "2022-10-27 16:25:29", "elapsed": 791.200498, "delta": 11.395415}}
{"target": 4.710598049634996, "params": {"-2": -3.4150046915770846, "-1": 4.131436486434685, "0": 1.7925980309308553, "1": 3.149013108903447, "2": -2.463316288295698}, "datetime": {"datetime": "2022-10-27 16:25:41", "elapsed": 802.748456, "delta": 11.547958}}
{"target": 6.219331928839992, "params": {"-2": 5.0, "-1": -1.2518181634181316, "0": -1.0142011433751066, "1": 0.035356075011426465, "2": -2.7567603446015343}, "datetime": {"datetime": "2022-10-27 16:25:52", "elapsed": 814.190323, "delta": 11.441867}}
{"target": 5.797090709510002, "params": {"-2": 5.0, "-1": -0.19345844852478966, "0": 0.06331458563742298, "1": 0.025085572561178614, "2": -1.7574402660101658}, "datetime": {"datetime": "2022-10-27 16:26:03", "elapsed": 825.614319, "delta": 11.423996}}
{"target": 5.470631390004996, "params": {"-2": 5.0, "-1": -1.1321083690665883, "0": -1.7747826093973724, "1": 0.9096257531057499, "2": -1.3143897206835453}, "datetime": {"datetime": "2022-10-27 16:26:15", "elapsed": 837.146538, "delta": 11.532219}}
{"target": 5.1137950291199985, "params": {"-2": -2.754426542299693, "-1": 1.275072958939945, "0": 3.0871122560734614, "1": 3.399731590528843, "2": -2.1574266493275474}, "datetime": {"datetime": "2022-10-27 16:26:26", "elapsed": 848.665629, "delta": 11.519091}}
{"target": 6.250638824609993, "params": {"-2": -2.368534202896004, "-1": 2.4719809205927645, "0": 2.408200592230317, "1": 4.203180725214674, "2": -0.3236051998009677}, "datetime": {"datetime": "2022-10-27 16:26:38", "elapsed": 860.182123, "delta": 11.516494}}
{"target": 6.0924425447900035, "params": {"-2": 5.0, "-1": -0.06543550818183143, "0": -1.1608498465560446, "1": -1.3369913654194177, "2": -2.9522453824989894}, "datetime": {"datetime": "2022-10-27 16:26:49", "elapsed": 871.595013, "delta": 11.41289}}
{"target": 4.393588550425008, "params": {"-2": 5.0, "-1": -1.495793874775318, "0": 0.005507091310526098, "1": -1.5622875201065105, "2": -2.6697080744884167}, "datetime": {"datetime": "2022-10-27 16:27:01", "elapsed": 883.061977, "delta": 11.466964}}
{"target": 5.3391731258899995, "params": {"-2": 5.0, "-1": 0.36762106321556615, "0": -1.5010022510645182, "1": 0.21306400207511295, "2": -2.752489622110315}, "datetime": {"datetime": "2022-10-27 16:27:12", "elapsed": 894.556217, "delta": 11.49424}}
{"target": 5.553261119920009, "params": {"-2": -2.4314435633928655, "-1": 3.16377389083411, "0": 3.4332060568702567, "1": 3.167564810283886, "2": -0.08088315036843405}, "datetime": {"datetime": "2022-10-27 16:27:24", "elapsed": 906.159199, "delta": 11.602982}}
{"target": 5.956752973860006, "params": {"-2": 5.0, "-1": -1.2164011498149339, "0": -2.481822481652716, "1": -0.9516664127401698, "2": -3.2248193782316426}, "datetime": {"datetime": "2022-10-27 16:27:35", "elapsed": 917.58221, "delta": 11.423011}}
{"target": 6.1764657877300095, "params": {"-2": -5.0, "-1": 1.3079506697227994, "0": 1.2696047934206458, "1": 1.936106348583044, "2": -2.416831774001841}, "datetime": {"datetime": "2022-10-27 16:27:47", "elapsed": 929.010042, "delta": 11.427832}}
{"target": 5.554679902275012, "params": {"-2": 2.2339160232256496, "-1": 2.1975192205318597, "0": 2.521504187532473, "1": 1.9421666246717213, "2": -5.0}, "datetime": {"datetime": "2022-10-27 16:27:58", "elapsed": 940.401449, "delta": 11.391407}}
{"target": 4.947503595265005, "params": {"-2": -1.9000485655281298, "-1": 3.162228993109553, "0": 2.137427525275556, "1": 5.0, "2": -1.533222091236308}, "datetime": {"datetime": "2022-10-27 16:28:10", "elapsed": 951.835555, "delta": 11.434106}}
{"target": 6.070465453665008, "params": {"-2": -2.6318295441772857, "-1": 2.1679164207851307, "0": 1.5137733128223472, "1": 2.887911231782336, "2": -0.49561825223340045}, "datetime": {"datetime": "2022-10-27 16:28:21", "elapsed": 963.296223, "delta": 11.460668}}
