{"target": 5.944705874200011, "params": {"-2": 2.472732253912738, "-1": 1.22466064269329, "0": 2.6073105112018564, "1": 4.003476138936824, "2": -3.7916809497899466}, "datetime": {"datetime": "2022-10-27 16:28:33", "elapsed": 974.696542, "delta": 11.400319}}
{"target": 6.223145194820006, "params": {"-2": 1.2950421784568222, "-1": 1.3318573606558355, "0": 2.006529401547141, "1": 3.18563986639013, "2": -2.2465285184255124}, "datetime": {"datetime": "2022-10-27 16:28:44", "elapsed": 986.140319, "delta": 11.443777}}
{"target": 5.468468572435, "params": {"-2": 2.846862435218658, "-1": 0.9233849592633374, "0": 2.6070044967868657, "1": 3.528646940005655, "2": -1.8555238937192764}, "datetime": {"datetime": "2022-10-27 16:28:55", "elapsed": 997.564825, "delta": 11.424506}}
{"target": 5.72875404653, "params": {"-2": 3.5317564505513914, "-1": 2.7574258178261877, "0": 1.9456531002415067, "1": 4.051460248546283, "2": -4.098398805627478}, "datetime": {"datetime": "2022-10-27 16:29:07", "elapsed": 1009.072129, "delta": 11.507304}}
{"target": 5.346830843245002, "params": {"-2": 1.2050566367894833, "-1": 1.006588296710694, "0": 0.8812618947042505, "1": 4.135844902907511, "2": -2.4970440443563966}, "datetime": {"datetime": "2022-10-27 16:29:18", "elapsed": 1020.442998, "delta": 11.370869}}
{"target": 4.777763220790007, "params": {"-2": 0.7033390617496931, "-1": 1.5282054226320234, "0": 3.285386791971728, "1": 2.4636566255596515, "2": -1.7069818797231981}, "datetime": {"datetime": "2022-10-27 16:29:30", "elapsed": 1032.012435, "delta": 11.569437}}
{"target": 5.873502375914995, "params": {"-2": -1.1356497746612841, "-1": -0.3392268963560735, "0": 0.5821374912093215, "1": 1.7869417339815405, "2": -3.635802355399375}, "datetime": {"datetime": "2022-10-27 16:29:41", "elapsed": 1043.460086, "delta": 11.447651}}
{"target": 4.9696332304799995, "params": {"-2": 5.0, "-1": 0.24222875959501003, "0": -2.5958532075148235, "1": -2.3164269081738387, "2": -3.2917026780722862}, "datetime": {"datetime": "2022-10-27 16:29:53", "elapsed": 1055.071448, "delta": 11.611362}}
{"target": 5.602935341125004, "params": {"-2": 5.0, "-1": -2.1513530266708645, "0": -2.0726152907193907, "1": 0.7198434195451295, "2": -3.323422199220598}, "datetime": {"datetime": "2022-10-27 16:30:04", "elapsed": 1066.539847, "delta": 11.468399}}
{"target": 5.489552817204995, "params": {"-2": 2.146789200343408, "-1": 1.139606806428224, "0": 1.1352007236374784, "1": 4.137095983598527, "2": -5.0}, "datetime": {"datetime": "2022-10-27 16:30:16", "elapsed": 1078.132375, "delta": 11.592528}}
{"target": 6.035883337809992, "params": {"-2": -1.4032362485823213, "-1": 1.5062846932723015, "0": 0.832830326062108, "1": 2.1111553236194993, "2": -3.2363981532082917}, "datetime": {"datetime": "2022-10-27 16:30:28", "elapsed": 1089.688528, "delta": 11.556153}}
{"target": 4.931739219455011, "params": {"-2": 4.252798459503897, "-1": 1.0735173269731104, "0": 3.126194247172259, "1": 3.508006586525223, "2": -4.448710273121076}, "datetime": {"datetime": "2022-10-27 16:30:39", "elapsed": 1101.236929, "delta": 11.548401}}
{"target": 5.011296795999996, "params": {"-2": -3.659282712906985, "-1": 3.240440291053533, "0": 2.0653258877439615, "1": 4.652852771252331, "2": 0.10205932840799825}, "datetime": {"datetime": "2022-10-27 16:30:50", "elapsed": 1112.639516, "delta": 11.402587}}
{"target": 6.258638518054994, "params": {"-2": 2.063561520543565, "-1": 2.5293834862360525, "0": 2.2663681773825073, "1": 3.5413077166013847, "2": -2.908085784022873}, "datetime": {"datetime": "2022-10-27 16:31:02", "elapsed": 1124.202844, "delta": 11.563328}}
{"target": 4.931812375755001, "params": {"-2": 3.2647807877286112, "-1": 2.6422879486965565, "0": 0.8872515048738947, "1": 3.2117610262526437, "2": -2.398095835436058}, "datetime": {"datetime": "2022-10-27 16:31:13", "elapsed": 1135.573212, "delta": 11.370368}}
{"target": 5.3142020703249955, "params": {"-2": 2.6874480273996957, "-1": 2.595932883638082, "0": 3.7950703576704115, "1": 3.87310648833202, "2": -3.0226391893013185}, "datetime": {"datetime": "2022-10-27 16:31:25", "elapsed": 1147.109159, "delta": 11.535947}}
{"target": 6.340857222170001, "params": {"-2": 1.1444946992877156, "-1": 2.2414712183599033, "0": 2.5247229951459804, "1": 3.820101781632353, "2": -4.291259712913887}, "datetime": {"datetime": "2022-10-27 16:31:36", "elapsed": 1158.485979, "delta": 11.37682}}
{"target": 6.34548180149001, "params": {"-2": 0.36655589249939347, "-1": 1.6037248571711649, "0": 2.6682819188229594, "1": 4.41895381719007, "2": -3.244213330431541}, "datetime": {"datetime": "2022-10-27 16:31:48", "elapsed": 1169.993453, "delta": 11.507474}}
{"target": 6.044609079760008, "params": {"-2": -0.06357049998911624, "-1": 2.3397496055156832, "0": 2.380824855097731, "1": 4.911438405001862, "2": -4.9884716648973315}, "datetime": {"datetime": "2022-10-27 16:31:59", "elapsed": 1181.493493, "delta": 11.50004}}
{"target": 4.563378070409996, "params": {"-2": 0.47986270162347466, "-1": 3.0953004031150506, "0": 1.6094571365650427, "1": 4.676121510369255, "2": -3.5915948662022013}, "datetime": {"datetime": "2022-10-27 16:32:11", "elapsed": 1193.071454, "delta": 11.577961}}
{"target": 4.749502563294996, "params": {"-2": 0.287766812782162, "-1": 1.7044042020883712, "0": 3.858344884596086, "1": 3.919063032805223, "2": -4.590717615399384}, "datetime": {"datetime": "2022-10-27 16:32:22", "elapsed": 1204.636092, "delta": 11.564638}}
{"target": 5.691431614495002, "params": {"-2": -5.0, "-1": 0.5199514340976338, "0": 0.6039533652496997, "1": 0.7210006134332246, "2": -2.694538638120492}, "datetime": {"datetime": "2022-10-27 16:32:34", "elapsed": 1216.111788, "delta": 11.475696}}
{"target": 5.828022236975002, "params": {"-2": 3.0236144433324452, "-1": -0.7762211053475165, "0": -0.30911737582485, "1": 2.61341882901601, "2": -5.0}, "datetime": {"datetime": "2022-10-27 16:32:45", "elapsed": 1227.517031, "delta": 11.405243}}
{"target": 5.683613503450005, "params": {"-2": 5.0, "-1": -0.27492695274067963, "0": -0.47698612013912883, "1": 2.263085632425029, "2": -4.374817610338899}, "datetime": {"datetime": "2022-10-27 16:32:57", "elapsed": 1239.069195, "delta": 11.552164}}
{"target": 6.305825110745005, "params": {"-2": -4.08353900527933, "-1": 1.2867472756698677, "0": 1.1592069185713827, "1": 2.6768567772413494, "2": -1.3318130080277457}, "datetime": {"datetime": "2022-10-27 16:33:08", "elapsed": 1250.535691, "delta": 11.466496}}
{"target": 5.605714838150007, "params": {"-2": 5.0, "-1": -0.03026142389676349, "0": 1.1068433593964684, "1": 1.4624966002157114, "2": -2.6811269636434756}, "datetime": {"datetime": "2022-10-27 16:33:20", "elapsed": 1262.02663, "delta": 11.490939}}
{"target": 6.362595192524992, "params": {"-2": 0.9996876240932515, "-1": 2.3304804724147044, "0": 2.6785180695554605, "1": 4.703303071028801, "2": -1.7130293169957755}, "datetime": {"datetime": "2022-10-27 16:33:31", "elapsed": 1273.628987, "delta": 11.602357}}
{"target": 5.2825136571599955, "params": {"-2": 0.9000958695465702, "-1": 0.45961998567589823, "0": 2.754559442751514, "1": 4.828669795640387, "2": -1.1202595668294082}, "datetime": {"datetime": "2022-10-27 16:33:43", "elapsed": 1285.095521, "delta": 11.466534}}
{"target": 4.566804582564998, "params": {"-2": -3.563943410813307, "-1": 1.2966921850321125, "0": 0.45048668006077364, "1": 3.9807320712706975, "2": 0.0701915813566556}, "datetime": {"datetime": "2022-10-27 16:33:54", "elapsed": 1296.423581, "delta": 11.32806}}
{"target": 5.543862427250005, "params": {"-2": -1.205176578089115, "-1": 0.4124078556507202, "0": 1.2396437325103418, "1": 1.4816929584886196, "2": -2.135806301124217}, "datetime": {"datetime": "2022-10-27 16:34:06", "elapsed": 1307.902254, "delta": 11.478673}}
{"target": 6.357014695090001, "params": {"-2": 1.952180282764906, "-1": 1.5389260943887368, "0": 2.2467825367214775, "1": 4.43772772208445, "2": -2.6821018470339397}, "datetime": {"datetime": "2022-10-27 16:34:17", "elapsed": 1319.343008, "delta": 11.440754}}
{"target": 6.424828398134991, "params": {"-2": 0.47628774628841697, "-1": 3.3277955388372575, "0": 3.534790051021254, "1": 4.849121880795913, "2": -0.7467370821188695}, "datetime": {"datetime": "2022-10-27 16:34:29", "elapsed": 1330.775605, "delta": 11.432597}}
{"target": 5.368644896115001, "params": {"-2": 1.5092756811700703, "-1": 3.2492025692256803, "0": 4.677194000370108, "1": 4.925404439178761, "2": -0.48082205510402787}, "datetime": {"datetime": "2022-10-27 16:34:40", "elapsed": 1342.237534, "delta": 11.461929}}
{"target": 5.800065352649995, "params": {"-2": 1.7202521791707115, "-1": 3.6023624950747575, "0": 2.3614841227403174, "1": 3.601127945652104, "2": -0.600126568394014}, "datetime": {"datetime": "2022-10-27 16:34:52", "elapsed": 1353.76716, "delta": 11.529626}}
{"target": 5.948606363984993, "params": {"-2": -0.7421985744598221, "-1": 1.96603732143811, "0": 3.0141104295853616, "1": 4.102323615141419, "2": -0.8619663532940569}, "datetime": {"datetime": "2022-10-27 16:35:03", "elapsed": 1365.193022, "delta": 11.425862}}
{"target": 5.786832560030021, "params": {"-2": 1.371989969285758, "-1": 3.9214779034598055, "0": 3.0281983660704244, "1": 5.0, "2": -1.7404709233846254}, "datetime": {"datetime": "2022-10-27 16:35:14", "elapsed": 1376.637993, "delta": 11.444971}}
{"target": 6.118332851494998, "params": {"-2": 0.11822008884908186, "-1": 2.627728265995904, "0": 3.265835467621498, "1": 4.117946523721406, "2": -2.0900966418516154}, "datetime": {"datetime": "2022-10-27 16:35:26", "elapsed": 1388.045778, "delta": 11.407785}}
{"target": 6.192272754320001, "params": {"-2": 0.9976323980424023, "-1": 2.550310586552351, "0": 2.634344914423685, "1": 5.0, "2": 0.17645251703204387}, "datetime": {"datetime": "2022-10-27 16:35:37", "elapsed": 1399.546728, "delta": 11.50095}}
{"target": 6.174257651090002, "params": {"-2": -0.6024940016620578, "-1": 2.888512172350432, "0": 3.759886355522312, "1": 5.0, "2": 0.6303097292938763}, "datetime": {"datetime": "2022-10-27 16:35:49", "elapsed": 1410.98262, "delta": 11.435892}}
{"target": 5.435600887665004, "params": {"-2": 1.0247040399461396, "-1": 4.108303619107945, "0": 2.893040799546948, "1": 4.942468169802028, "2": 1.5483119615226908}, "datetime": {"datetime": "2022-10-27 16:36:00", "elapsed": 1422.530603, "delta": 11.547983}}
{"target": 4.6633632584699996, "params": {"-2": 0.6680900153991581, "-1": 1.612431988300477, "0": 4.055005178468301, "1": 5.0, "2": 1.717938172316793}, "datetime": {"datetime": "2022-10-27 16:36:12", "elapsed": 1433.991113, "delta": 11.46051}}
{"target": 5.535914585170005, "params": {"-2": 2.6283582633074785, "-1": 2.436805212949545, "0": 2.191853724214597, "1": 5.0, "2": -0.8042824189539284}, "datetime": {"datetime": "2022-10-27 16:36:23", "elapsed": 1445.569039, "delta": 11.577926}}
{"target": 6.032833539665006, "params": {"-2": -1.042775965723438, "-1": 4.87411900365762, "0": 3.9341297750127797, "1": 4.450603850030351, "2": 0.7580315175456658}, "datetime": {"datetime": "2022-10-27 16:36:35", "elapsed": 1456.972916, "delta": 11.403877}}
{"target": 4.623020581869994, "params": {"-2": -0.08487504219596431, "-1": 4.507454933652367, "0": 4.879397670336999, "1": 2.3914414178604027, "2": 0.7526814814435703}, "datetime": {"datetime": "2022-10-27 16:36:46", "elapsed": 1468.384135, "delta": 11.411219}}
{"target": 6.127185128754988, "params": {"-2": 3.090690084361148, "-1": -1.0626497406570543, "0": -2.09860923695663, "1": -0.9581490730616062, "2": -1.7700254057708698}, "datetime": {"datetime": "2022-10-27 16:36:58", "elapsed": 1479.79002, "delta": 11.405885}}
{"target": 5.937228320330007, "params": {"-2": 3.2564470068364657, "-1": 0.5066484003793865, "0": -1.0530134707180494, "1": -1.3639643056793536, "2": -1.4243313381634002}, "datetime": {"datetime": "2022-10-27 16:37:09", "elapsed": 1491.33057, "delta": 11.54055}}
{"target": 5.745759386429995, "params": {"-2": 3.2160600096156204, "-1": -0.5511918458708269, "0": -2.368603406349417, "1": -1.5480344606400038, "2": 0.06841171851718739}, "datetime": {"datetime": "2022-10-27 16:37:21", "elapsed": 1502.975101, "delta": 11.644531}}
{"target": 5.912630249765002, "params": {"-2": 1.5031366935149342, "-1": -0.6590732306084186, "0": -1.6176681822905592, "1": -2.0177050665895977, "2": -1.4810006735443837}, "datetime": {"datetime": "2022-10-27 16:37:32", "elapsed": 1514.573107, "delta": 11.598006}}
{"target": 6.067759326160001, "params": {"-2": 2.329838318383132, "-1": -1.0236215593790998, "0": -0.7535393579488725, "1": -0.2906467187799551, "2": -0.6285931634628389}, "datetime": {"datetime": "2022-10-27 16:37:44", "elapsed": 1526.192023, "delta": 11.618916}}
{"target": 6.388440727209996, "params": {"-2": 1.8229494551786536, "-1": -2.5348916562962134, "0": -2.174028979453794, "1": -0.8435910763054355, "2": -0.7667103541923224}, "datetime": {"datetime": "2022-10-27 16:37:56", "elapsed": 1537.757301, "delta": 11.565278}}
{"target": 4.30535477091, "params": {"-2": 1.7237602036507347, "-1": -2.5799900633227866, "0": -0.8077588169455915, "1": -1.966437557432857, "2": 0.2902737909995773}, "datetime": {"datetime": "2022-10-27 16:38:07", "elapsed": 1549.351122, "delta": 11.593821}}
{"target": 5.161949863100006, "params": {"-2": 1.6241442427035564, "-1": -1.1832673968362173, "0": -2.624111075081733, "1": -0.08262263852747861, "2": -1.0112582240598031}, "datetime": {"datetime": "2022-10-27 16:38:19", "elapsed": 1560.842938, "delta": 11.491816}}
{"target": 6.053980334155, "params": {"-2": 2.924675284423469, "-1": -2.641314189605908, "0": -1.580731178848962, "1": -0.3622967584382089, "2": -1.545666227634232}, "datetime": {"datetime": "2022-10-27 16:38:30", "elapsed": 1572.432377, "delta": 11.589439}}
{"target": 6.430164027090015, "params": {"-2": 2.452051871449687, "-1": -2.5794389297237097, "0": -2.7538642577460366, "1": -1.7002548870445733, "2": -1.7983943966047033}, "datetime": {"datetime": "2022-10-27 16:38:42", "elapsed": 1584.016009, "delta": 11.583632}}
{"target": 6.290977321794998, "params": {"-2": 2.3347386252305053, "-1": -3.7498470078847657, "0": -3.5629583655834507, "1": -1.4176194121399002, "2": -0.8079955940824926}, "datetime": {"datetime": "2022-10-27 16:38:53", "elapsed": 1595.478562, "delta": 11.462553}}
{"target": 6.293651340859995, "params": {"-2": 1.3933285475131643, "-1": -3.765201572465195, "0": -2.6026300741582458, "1": -0.7873101255475241, "2": -2.006282825159171}, "datetime": {"datetime": "2022-10-27 16:39:05", "elapsed": 1607.023213, "delta": 11.544651}}
{"target": 6.132788485125005, "params": {"-2": 3.9009207473925738, "-1": -3.8293178702925488, "0": -3.5008906630638634, "1": -1.0295716806496524, "2": -2.4653314549711425}, "datetime": {"datetime": "2022-10-27 16:39:16", "elapsed": 1618.675095, "delta": 11.651882}}
{"target": 5.223091619019996, "params": {"-2": 2.6205579557210807, "-1": -4.1578973226947005, "0": -3.1298926492756562, "1": 0.6025818758385418, "2": -0.8852043963203047}, "datetime": {"datetime": "2022-10-27 16:39:28", "elapsed": 1630.231449, "delta": 11.556354}}
{"target": 5.7509300857750105, "params": {"-2": 2.2736638734021817, "-1": -4.329880921039744, "0": -3.193030049557961, "1": -2.4773193037941432, "2": -2.482626283701692}, "datetime": {"datetime": "2022-10-27 16:39:40", "elapsed": 1641.823454, "delta": 11.592005}}
{"target": 6.249595262240007, "params": {"-2": 0.7138258673978125, "-1": -2.824989780879354, "0": -3.537476203562349, "1": -1.9008449938194432, "2": -1.3013763846684565}, "datetime": {"datetime": "2022-10-27 16:39:51", "elapsed": 1653.402931, "delta": 11.579477}}
{"target": 4.599585137724986, "params": {"-2": 2.0958002336286445, "-1": -2.843189132251854, "0": -4.676741614932974, "1": -1.1095814810585456, "2": -2.416812394455594}, "datetime": {"datetime": "2022-10-27 16:40:03", "elapsed": 1665.151443, "delta": 11.748512}}
{"target": 5.403568435140002, "params": {"-2": 1.0279859350070633, "-1": -2.6171825378445273, "0": -1.836530684988427, "1": -1.744368527378079, "2": -2.2545030715579535}, "datetime": {"datetime": "2022-10-27 16:40:15", "elapsed": 1676.725646, "delta": 11.574203}}
{"target": 6.271931213589994, "params": {"-2": 0.8299228063671973, "-1": -3.8763944954239102, "0": -2.898545570968301, "1": -1.13712711719634, "2": -0.45982904187864576}, "datetime": {"datetime": "2022-10-27 16:40:26", "elapsed": 1688.23484, "delta": 11.509194}}
{"target": 6.476102810715005, "params": {"-2": 3.8604154052199657, "-1": -2.818732533229596, "0": -2.772316199149129, "1": -1.5366621161221568, "2": -0.9029047884776537}, "datetime": {"datetime": "2022-10-27 16:40:38", "elapsed": 1699.853005, "delta": 11.618165}}
{"target": 6.3086537232500035, "params": {"-2": 2.710525246359388, "-1": -2.4886061528196275, "0": -3.4980894736216275, "1": -2.9335370148076247, "2": -0.4236585290080614}, "datetime": {"datetime": "2022-10-27 16:40:49", "elapsed": 1711.524081, "delta": 11.671076}}
{"target": 6.274267991149998, "params": {"-2": 4.450085762953179, "-1": -3.9746534684463284, "0": -3.5726105014658214, "1": -2.9577961448746994, "2": -0.9733696190147915}, "datetime": {"datetime": "2022-10-27 16:41:01", "elapsed": 1723.202434, "delta": 11.678353}}
{"target": 4.2262365677100036, "params": {"-2": 3.9542901784342033, "-1": -4.969517853842433, "0": -2.029566451792911, "1": -1.8117795574095708, "2": -1.1272140055446391}, "datetime": {"datetime": "2022-10-27 16:41:13", "elapsed": 1734.896112, "delta": 11.693678}}
{"target": 5.988579066759996, "params": {"-2": 4.267457457027736, "-1": -2.277043631046214, "0": -3.654157361864124, "1": -2.6568234582028207, "2": -1.7470088143300362}, "datetime": {"datetime": "2022-10-27 16:41:24", "elapsed": 1746.603646, "delta": 11.707534}}
{"target": 5.495867490514996, "params": {"-2": 4.131782433401221, "-1": -2.955251978037439, "0": -4.3582910247021385, "1": -1.9566561166883472, "2": 0.20732402567361408}, "datetime": {"datetime": "2022-10-27 16:41:36", "elapsed": 1758.271027, "delta": 11.667381}}
{"target": 5.775238247844996, "params": {"-2": 1.4842897560026411, "-1": -2.542530143759665, "0": -3.7257487844943564, "1": -1.673433597825027, "2": 0.3758531804429693}, "datetime": {"datetime": "2022-10-27 16:41:48", "elapsed": 1769.751377, "delta": 11.48035}}
{"target": 6.192917077610005, "params": {"-2": 0.049535876795123474, "-1": -4.761626509772137, "0": -3.4994753280096313, "1": -1.8575513478294825, "2": -1.6339998894584264}, "datetime": {"datetime": "2022-10-27 16:41:59", "elapsed": 1781.29088, "delta": 11.539503}}
{"target": 6.182784249605007, "params": {"-2": 1.2071034061180084, "-1": -4.084433307887319, "0": -3.6950925605489675, "1": -3.223770160906005, "2": -0.5376918030996931}, "datetime": {"datetime": "2022-10-27 16:42:11", "elapsed": 1792.871995, "delta": 11.581115}}
{"target": 5.812622910745006, "params": {"-2": 3.4212844463868333, "-1": -3.639596597246033, "0": -4.06386852693588, "1": -4.750030685024824, "2": 0.09314586817465553}, "datetime": {"datetime": "2022-10-27 16:42:22", "elapsed": 1804.411975, "delta": 11.53998}}
{"target": 5.814745672459992, "params": {"-2": 1.6622401369928885, "-1": -2.440773300751183, "0": -3.4633181772681616, "1": -4.347540238736026, "2": -1.6506480482900354}, "datetime": {"datetime": "2022-10-27 16:42:34", "elapsed": 1815.912452, "delta": 11.500477}}
{"target": 6.511912170839992, "params": {"-2": -0.9579751836862077, "-1": -3.68963945654879, "0": -3.973896576416866, "1": -2.504782773364043, "2": -0.21443681490371383}, "datetime": {"datetime": "2022-10-27 16:42:45", "elapsed": 1827.509279, "delta": 11.596827}}
{"target": 5.430363359650002, "params": {"-2": -0.06127138278397359, "-1": -4.96472433906562, "0": -4.9779733614678845, "1": -1.857525286058977, "2": 0.2603590469523171}, "datetime": {"datetime": "2022-10-27 16:42:57", "elapsed": 1839.13079, "delta": 11.621511}}
{"target": 5.498423596380007, "params": {"-2": -0.9223070202623573, "-1": -3.6607169195469544, "0": -3.3484419436264328, "1": -3.6964120481150653, "2": -1.5137450913907455}, "datetime": {"datetime": "2022-10-27 16:43:09", "elapsed": 1850.733204, "delta": 11.602414}}
{"target": 6.157936674294987, "params": {"-2": -1.2109693055934128, "-1": -3.424954591090288, "0": -3.3650660057398754, "1": -0.9696859673944955, "2": -0.8836460359619541}, "datetime": {"datetime": "2022-10-27 16:43:20", "elapsed": 1862.403939, "delta": 11.670735}}
{"target": 4.856232510875003, "params": {"-2": -1.374294626417191, "-1": -1.95084278121568, "0": -4.226800172182038, "1": -2.1402554659140636, "2": 0.19703862113575243}, "datetime": {"datetime": "2022-10-27 16:43:32", "elapsed": 1874.048744, "delta": 11.644805}}
{"target": 6.318620345555004, "params": {"-2": 3.0049349772765344, "-1": -3.8260760259298037, "0": -4.616436316433081, "1": -3.3489474384244544, "2": -1.3052672896558009}, "datetime": {"datetime": "2022-10-27 16:43:43", "elapsed": 1885.59008, "delta": 11.541336}}
{"target": 6.296628392955, "params": {"-2": 4.569753833663508, "-1": -3.998070943485707, "0": -4.439194403151881, "1": -4.265870080255002, "2": -2.2568729003649577}, "datetime": {"datetime": "2022-10-27 16:43:55", "elapsed": 1897.234661, "delta": 11.644581}}
{"target": 4.821853175575001, "params": {"-2": -1.2492964138843208, "-1": -4.833148696483803, "0": -2.5828574429307816, "1": -2.0970055358520066, "2": 0.06086863380349742}, "datetime": {"datetime": "2022-10-27 16:44:07", "elapsed": 1908.853511, "delta": 11.61885}}
{"target": 6.390160226684998, "params": {"-2": 4.429534500752221, "-1": -5.0, "0": -5.0, "1": -3.678881023558265, "2": -0.9772248033748985}, "datetime": {"datetime": "2022-10-27 16:44:18", "elapsed": 1920.345612, "delta": 11.492101}}
{"target": 5.74506911105, "params": {"-2": 4.823157770417674, "-1": -4.306991045051578, "0": -5.0, "1": -2.453265776114694, "2": -2.209264711795297}, "datetime": {"datetime": "2022-10-27 16:44:30", "elapsed": 1931.962383, "delta": 11.616771}}
