{"target": 4.9695660531699986, "params": {"-2": 5.0, "-1": -0.8914844116324622, "0": 1.765113317245861, "1": 2.9517758896616453, "2": 2.9573264962598786}, "datetime": {"datetime": "2022-10-27 17:18:18", "elapsed": 3960.289153, "delta": 12.074347}}
{"target": 6.465602902779992, "params": {"-2": 4.766767031631599, "-1": -0.20006727558459567, "0": -0.34432106802649853, "1": 0.866845547444773, "2": 3.550590965747343}, "datetime": {"datetime": "2022-10-27 17:18:30", "elapsed": 3972.187159, "delta": 11.898006}}
{"target": 6.251055032675012, "params": {"-2": 4.095545672172813, "-1": 0.7236733281652183, "0": -0.347457091382136, "1": 1.1409526961089709, "2": 4.645110772180018}, "datetime": {"datetime": "2022-10-27 17:18:42", "elapsed": 3984.098675, "delta": 11.911516}}
{"target": 6.131815452904988, "params": {"-2": 2.807556638984428, "-1": -0.30861412572029856, "0": -0.6203308826118414, "1": -0.586523984021138, "2": 3.520499487344436}, "datetime": {"datetime": "2022-10-27 17:18:54", "elapsed": 3996.081379, "delta": 11.982704}}
{"target": 6.472425144140004, "params": {"-2": 4.252631851252431, "-1": -3.16227733075763, "0": -2.4430082956158685, "1": -0.4675279493492486, "2": 2.3825098264095255}, "datetime": {"datetime": "2022-10-27 17:19:06", "elapsed": 4007.892104, "delta": 11.810725}}
{"target": 6.567191308190004, "params": {"-2": 1.0775534819249795, "-1": -1.1268683631842158, "0": -0.8274402784951221, "1": 1.1456766744227027, "2": 2.2481930357376743}, "datetime": {"datetime": "2022-10-27 17:19:18", "elapsed": 4019.753947, "delta": 11.861843}}
{"target": 6.362957656009996, "params": {"-2": 1.036872554650902, "-1": -2.26259222229239, "0": -1.5540284673478166, "1": 0.930102071627525, "2": 2.217368775718831}, "datetime": {"datetime": "2022-10-27 17:19:29", "elapsed": 4031.649829, "delta": 11.895882}}
{"target": 5.207881949929998, "params": {"-2": 1.1787934016873916, "-1": -2.2843955365572244, "0": 0.0966320367328184, "1": 1.2181251940334976, "2": 2.472022091799381}, "datetime": {"datetime": "2022-10-27 17:19:41", "elapsed": 4043.593654, "delta": 11.943825}}
{"target": 6.39857781405, "params": {"-2": 3.004759660890169, "-1": -3.481865052538172, "0": -2.50447646426063, "1": -0.9231469294358616, "2": 0.9935864802843604}, "datetime": {"datetime": "2022-10-27 17:19:53", "elapsed": 4055.505992, "delta": 11.912338}}
{"target": 6.046256896745007, "params": {"-2": 1.5939103112525945, "-1": -0.058760213446986675, "0": -1.163269156311546, "1": 0.8241565638097237, "2": 3.138628034800398}, "datetime": {"datetime": "2022-10-27 17:20:05", "elapsed": 4067.349914, "delta": 11.843922}}
{"target": 6.070227095825004, "params": {"-2": 3.3381090683657977, "-1": -3.296623775373652, "0": -2.3226835725508224, "1": 0.5003580074602761, "2": 1.621304050696347}, "datetime": {"datetime": "2022-10-27 17:20:17", "elapsed": 4079.575896, "delta": 12.225982}}
{"target": 5.638785256475003, "params": {"-2": 4.492732739418385, "-1": 0.7001415441722244, "0": 0.6194205570525857, "1": -0.003999682142650735, "2": 3.890974430051137}, "datetime": {"datetime": "2022-10-27 17:20:29", "elapsed": 4091.284173, "delta": 11.708277}}
{"target": 6.191490753519986, "params": {"-2": 1.3468878293976438, "-1": -1.0324483757191094, "0": -1.5495506395309724, "1": 0.5063431653900945, "2": 1.2613849580790941}, "datetime": {"datetime": "2022-10-27 17:20:41", "elapsed": 4103.202106, "delta": 11.917933}}
{"target": 4.693011617609997, "params": {"-2": 0.72510732039926, "-1": -0.998930659839615, "0": -2.061968680719896, "1": 1.886907094839057, "2": 2.252795196308548}, "datetime": {"datetime": "2022-10-27 17:20:53", "elapsed": 4115.203206, "delta": 12.0011}}
{"target": 5.38233364109999, "params": {"-2": 1.170672407819346, "-1": -0.8312093410554278, "0": 0.021770585836789813, "1": 0.040734840675041184, "2": 1.6828528732209866}, "datetime": {"datetime": "2022-10-27 17:21:05", "elapsed": 4127.131924, "delta": 11.928718}}
{"target": 6.398094008235006, "params": {"-2": 1.6021208113264231, "-1": -2.4699181669783696, "0": -1.9605688703958082, "1": 0.1315674335984376, "2": 1.0424542608712368}, "datetime": {"datetime": "2022-10-27 17:21:17", "elapsed": 4139.038911, "delta": 11.906987}}
{"target": 6.375431013815003, "params": {"-2": 0.9266994540315868, "-1": -2.9318260350193155, "0": -1.9391971494527795, "1": -0.5360489314099096, "2": 2.4801076371664927}, "datetime": {"datetime": "2022-10-27 17:21:29", "elapsed": 4150.879512, "delta": 11.840601}}
{"target": 5.929462033495, "params": {"-2": 1.829562526742511, "-1": -3.512807548177431, "0": -1.3612630410915392, "1": 0.4859233841226853, "2": 1.7317184524882778}, "datetime": {"datetime": "2022-10-27 17:21:40", "elapsed": 4162.613878, "delta": 11.734366}}
{"target": 6.410043273044991, "params": {"-2": 0.9791719581871181, "-1": -1.6438232411468148, "0": -1.375090393606666, "1": -0.30272895062647986, "2": 2.369759205026046}, "datetime": {"datetime": "2022-10-27 17:21:52", "elapsed": 4174.382926, "delta": 11.769048}}
{"target": 4.847075207340012, "params": {"-2": 4.584655164810087, "-1": -3.6220015138416617, "0": -1.3380817577788062, "1": -1.1764463812020045, "2": 2.0285723390107444}, "datetime": {"datetime": "2022-10-27 17:22:04", "elapsed": 4186.155322, "delta": 11.772396}}
{"target": 6.361014470935004, "params": {"-2": 4.653919700804187, "-1": -0.7363494665660774, "0": -0.3443992448602989, "1": 1.7994369997828106, "2": 4.598063806225428}, "datetime": {"datetime": "2022-10-27 17:22:16", "elapsed": 4198.270024, "delta": 12.114702}}
{"target": 6.450173873520001, "params": {"-2": 4.4282099223984295, "-1": -0.3683099819314755, "0": -1.2462768300955656, "1": 0.16188529809115357, "2": 4.670830964882679}, "datetime": {"datetime": "2022-10-27 17:22:28", "elapsed": 4210.089342, "delta": 11.819318}}
{"target": 5.646761525900004, "params": {"-2": 4.721882154721536, "-1": -3.0360336864114466, "0": -3.387361049193948, "1": -0.26473254065417695, "2": 3.497796628336955}, "datetime": {"datetime": "2022-10-27 17:22:40", "elapsed": 4221.891464, "delta": 11.802122}}
{"target": 4.841389489554999, "params": {"-2": 3.394165362819043, "-1": 0.7698749128418536, "0": -1.6794928151285233, "1": -0.009166724088051267, "2": 4.532419090924579}, "datetime": {"datetime": "2022-10-27 17:22:52", "elapsed": 4233.744528, "delta": 11.853064}}
{"target": 5.94096113215501, "params": {"-2": 3.019785018676803, "-1": -2.54256726494949, "0": -2.793360125313865, "1": -0.3359647181871388, "2": 0.00039096857422205034}, "datetime": {"datetime": "2022-10-27 17:23:04", "elapsed": 4246.21358, "delta": 12.469052}}
{"target": 5.936902653339985, "params": {"-2": 2.919131580301566, "-1": -3.7000268073617946, "0": -3.054997301296214, "1": -2.7453585724185303, "2": 0.3081914786393414}, "datetime": {"datetime": "2022-10-27 17:23:16", "elapsed": 4258.005666, "delta": 11.792086}}
{"target": 6.498563713279992, "params": {"-2": 2.975788328461361, "-1": -4.997067758539791, "0": -4.877063034140954, "1": -3.662908815124534, "2": 3.1078401721904214}, "datetime": {"datetime": "2022-10-27 17:23:28", "elapsed": 4269.867277, "delta": 11.861611}}
{"target": 5.636557478870003, "params": {"-2": 1.7922203498851212, "-1": -1.9416302274494952, "0": -1.4048485308789187, "1": -1.5386463504424237, "2": 3.244790694589274}, "datetime": {"datetime": "2022-10-27 17:23:40", "elapsed": 4281.839534, "delta": 11.972257}}
{"target": 6.026342895419987, "params": {"-2": 0.941545523544736, "-1": -3.4654475565294796, "0": -1.6230364107985416, "1": 0.177398124455096, "2": -0.6403752316428727}, "datetime": {"datetime": "2022-10-27 17:23:52", "elapsed": 4293.792123, "delta": 11.952589}}
{"target": 6.081782916850003, "params": {"-2": 1.5260865652453601, "-1": -3.7355495531615244, "0": -2.3709207278264364, "1": 0.5527592729815041, "2": 3.3935731104278712}, "datetime": {"datetime": "2022-10-27 17:24:03", "elapsed": 4305.613543, "delta": 11.82142}}
{"target": 6.570356335115008, "params": {"-2": 0.8337487750799688, "-1": -3.8473950349970187, "0": -2.8196548744993115, "1": -0.9793781993708937, "2": 3.9142462316918767}, "datetime": {"datetime": "2022-10-27 17:24:16", "elapsed": 4317.756103, "delta": 12.14256}}
{"target": 4.869440264855001, "params": {"-2": 1.767144188995534, "-1": -2.9093324829585843, "0": -3.3008019957088655, "1": 0.37777190448627795, "2": 2.13760920889421}, "datetime": {"datetime": "2022-10-27 17:24:27", "elapsed": 4329.573246, "delta": 11.817143}}
{"target": 5.8672920546100045, "params": {"-2": 0.39466840160880623, "-1": -3.1827413576721377, "0": -1.5024484042782136, "1": -0.18811061023466477, "2": 3.8028530563049237}, "datetime": {"datetime": "2022-10-27 17:24:39", "elapsed": 4341.494991, "delta": 11.921745}}
{"target": 5.292108192625008, "params": {"-2": 5.0, "-1": 0.11237142186864112, "0": -1.5020196578107616, "1": 1.4539544237835402, "2": 5.0}, "datetime": {"datetime": "2022-10-27 17:24:51", "elapsed": 4353.534107, "delta": 12.039116}}
{"target": 5.397520330855002, "params": {"-2": -0.2967104036810575, "-1": -4.45410180601699, "0": -2.0846317585156116, "1": -0.5488248738492825, "2": 2.77558834276416}, "datetime": {"datetime": "2022-10-27 17:25:03", "elapsed": 4365.374908, "delta": 11.840801}}
{"target": 5.959806247580005, "params": {"-2": 1.9837238694052708, "-1": -4.7782033695668265, "0": -2.6700809937903296, "1": -0.6463259275293486, "2": 4.348932083013317}, "datetime": {"datetime": "2022-10-27 17:25:15", "elapsed": 4377.461473, "delta": 12.086565}}
{"target": 6.0807008052150024, "params": {"-2": 1.4559736785471173, "-1": -3.5984403419506092, "0": -2.5073795164927493, "1": -1.661383872317189, "2": 2.6481694182891333}, "datetime": {"datetime": "2022-10-27 17:25:27", "elapsed": 4389.343596, "delta": 11.882123}}
{"target": 6.192585591910003, "params": {"-2": -1.5155410449712536, "-1": -2.5378226115264892, "0": -2.070282567193286, "1": -1.4302135498437485, "2": 3.048331854653565}, "datetime": {"datetime": "2022-10-27 17:25:39", "elapsed": 4401.288739, "delta": 11.945143}}
{"target": 6.398163843390009, "params": {"-2": 5.0, "-1": -0.6792273076651654, "0": -0.40222183338029616, "1": 1.785279885186819, "2": 1.9019492570049956}, "datetime": {"datetime": "2022-10-27 17:25:51", "elapsed": 4413.474932, "delta": 12.186193}}
{"target": 6.534531902015004, "params": {"-2": 3.0706897271150595, "-1": -4.8262284553738874, "0": -4.990270482053805, "1": -3.982140651393571, "2": 0.38784570727142675}, "datetime": {"datetime": "2022-10-27 17:26:03", "elapsed": 4425.540746, "delta": 12.065814}}
{"target": 6.154361962425, "params": {"-2": 0.20860877044937443, "-1": -2.22019251578492, "0": -1.0776346175469884, "1": -0.13005167717669863, "2": 0.9132011198833805}, "datetime": {"datetime": "2022-10-27 17:26:15", "elapsed": 4437.461022, "delta": 11.920276}}
{"target": 5.94239267607999, "params": {"-2": 5.0, "-1": -2.150757802656387, "0": 0.14149086295457158, "1": 2.680351913389803, "2": 5.0}, "datetime": {"datetime": "2022-10-27 17:26:27", "elapsed": 4449.472453, "delta": 12.011431}}
{"target": 6.012411872599998, "params": {"-2": 4.934841567148229, "-1": 1.4424156637829793, "0": 0.003938457169421206, "1": 1.5654255932199952, "2": 2.9129619682437413}, "datetime": {"datetime": "2022-10-27 17:26:39", "elapsed": 4461.503546, "delta": 12.031093}}
{"target": 6.454040508389994, "params": {"-2": 1.526384155598432, "-1": -2.2399830324557652, "0": -1.00178639471611, "1": 1.2631082419107225, "2": 0.3345421515461176}, "datetime": {"datetime": "2022-10-27 17:26:51", "elapsed": 4473.538461, "delta": 12.034915}}
{"target": 5.7981210187200105, "params": {"-2": 4.245872398163696, "-1": -1.2301770778817378, "0": -0.2708156841815601, "1": 3.0027320778837314, "2": 0.7996603385195309}, "datetime": {"datetime": "2022-10-27 17:27:04", "elapsed": 4485.70507, "delta": 12.166609}}
{"target": 6.603734009534989, "params": {"-2": 1.7161679517878892, "-1": -5.0, "0": -5.0, "1": -3.4622422802435255, "2": 0.7506056360039075}, "datetime": {"datetime": "2022-10-27 17:27:15", "elapsed": 4497.665101, "delta": 11.960031}}
{"target": 6.2799807386299875, "params": {"-2": 0.07296617606227077, "-1": -2.964062623921029, "0": -1.2645606313199647, "1": 1.5864836069342254, "2": 0.46852391368397245}, "datetime": {"datetime": "2022-10-27 17:27:27", "elapsed": 4509.545951, "delta": 11.88085}}
{"target": 5.750110402979999, "params": {"-2": 1.4440349907715457, "-1": -3.450997746957331, "0": -1.0692975215686231, "1": 2.4897815177058313, "2": -0.1386317739012528}, "datetime": {"datetime": "2022-10-27 17:27:39", "elapsed": 4521.428062, "delta": 11.882111}}
{"target": 6.513796687180005, "params": {"-2": -1.132529207751402, "-1": -2.7013623648139995, "0": -1.683514145313822, "1": 0.5630975331357314, "2": -0.5038661660646412}, "datetime": {"datetime": "2022-10-27 17:27:51", "elapsed": 4533.495092, "delta": 12.06703}}
{"target": 4.4904156266000115, "params": {"-2": -0.9269035481930902, "-1": -3.306147193658707, "0": -0.24278913047518497, "1": 0.6562079592598011, "2": -0.20766242599130513}, "datetime": {"datetime": "2022-10-27 17:28:03", "elapsed": 4545.453283, "delta": 11.958191}}
{"target": 4.517525608995001, "params": {"-2": -0.27676496101062487, "-1": -2.392600845627121, "0": -2.6518493710562376, "1": 1.4230280405298252, "2": -0.4491580244921609}, "datetime": {"datetime": "2022-10-27 17:28:15", "elapsed": 4557.661863, "delta": 12.20858}}
{"target": 6.0557246183750095, "params": {"-2": -2.4666582568577833, "-1": -3.2495566561450726, "0": -1.611767016050083, "1": 0.16730019560276954, "2": -0.6033333446461322}, "datetime": {"datetime": "2022-10-27 17:28:27", "elapsed": 4569.561256, "delta": 11.899393}}
{"target": 6.583866139134997, "params": {"-2": 3.4236724001072525, "-1": -2.6339246465536097, "0": -2.949362623959825, "1": -1.429258692776716, "2": 1.9920486514250462}, "datetime": {"datetime": "2022-10-27 17:28:39", "elapsed": 4581.450313, "delta": 11.889057}}
{"target": 6.485117749724992, "params": {"-2": 3.4133706338160623, "-1": -2.3339034675502783, "0": -2.5470436944098127, "1": -1.8242658490817947, "2": 0.6886766275713673}, "datetime": {"datetime": "2022-10-27 17:28:51", "elapsed": 4593.343993, "delta": 11.89368}}
{"target": 5.909436686150002, "params": {"-2": -1.8113643312821406, "-1": -1.4196174331456959, "0": -2.089795470320317, "1": 0.22418832402000266, "2": -0.25622559005904044}, "datetime": {"datetime": "2022-10-27 17:29:03", "elapsed": 4605.373367, "delta": 12.029374}}
{"target": 6.148043263135008, "params": {"-2": 2.290018189402553, "-1": -1.0159135335775349, "0": -0.9294441064680479, "1": 1.6221352635560384, "2": 1.1538019296152644}, "datetime": {"datetime": "2022-10-27 17:29:15", "elapsed": 4617.26949, "delta": 11.896123}}
{"target": 6.5929562241149995, "params": {"-2": -0.6487719485238739, "-1": -2.172308174401783, "0": -1.6084085113571933, "1": -0.011155181263277294, "2": 2.2695763398928994}, "datetime": {"datetime": "2022-10-27 17:29:27", "elapsed": 4629.167924, "delta": 11.898434}}
{"target": 5.0204698933900005, "params": {"-2": -0.4403078149180324, "-1": -2.395446092918072, "0": -1.0741321904125312, "1": -1.5228071521510156, "2": 1.9241892868908392}, "datetime": {"datetime": "2022-10-27 17:29:39", "elapsed": 4641.066595, "delta": 11.898671}}
{"target": 6.160914610765005, "params": {"-2": -1.0127357465243767, "-1": -3.1453777512710634, "0": -1.591572284253461, "1": 1.1191932365703927, "2": 2.1005382783869777}, "datetime": {"datetime": "2022-10-27 17:29:51", "elapsed": 4653.254983, "delta": 12.188388}}
{"target": 6.386611111449994, "params": {"-2": 2.6730783747371913, "-1": -5.0, "0": -5.0, "1": -2.6952037806163722, "2": 1.5147514580255703}, "datetime": {"datetime": "2022-10-27 17:30:03", "elapsed": 4665.237277, "delta": 11.982294}}
{"target": 5.963012145285006, "params": {"-2": -1.3339170884477713, "-1": -3.294673414664219, "0": -3.3198061257313816, "1": -0.44549454923117704, "2": 3.126987536235486}, "datetime": {"datetime": "2022-10-27 17:30:15", "elapsed": 4677.168955, "delta": 11.931678}}
{"target": 6.5463882066249965, "params": {"-2": -1.5708548064222585, "-1": -1.3163494693245492, "0": -0.5276022171091475, "1": 0.9960888524176408, "2": 2.0576884114331655}, "datetime": {"datetime": "2022-10-27 17:30:27", "elapsed": 4689.410947, "delta": 12.241992}}
{"target": 6.475015109105001, "params": {"-2": -0.2747363959973885, "-1": -0.9376025009398061, "0": -0.5483559199004748, "1": 0.47387901179832514, "2": 2.5242121387827545}, "datetime": {"datetime": "2022-10-27 17:30:39", "elapsed": 4701.361649, "delta": 11.950702}}
{"target": 6.576253653989994, "params": {"-2": -1.374331792921745, "-1": -1.756923719710368, "0": -1.0834801577234228, "1": 0.5627855512679809, "2": 3.3292649184467322}, "datetime": {"datetime": "2022-10-27 17:30:51", "elapsed": 4713.283938, "delta": 11.922289}}
{"target": 5.228650909679999, "params": {"-2": -1.2020466723683185, "-1": -1.45427357509499, "0": 0.5920114384068711, "1": 1.150258042197347, "2": 2.8599071141049137}, "datetime": {"datetime": "2022-10-27 17:31:03", "elapsed": 4725.195005, "delta": 11.911067}}
{"target": 6.154696435424995, "params": {"-2": -1.670934205181125, "-1": -0.7896500693947388, "0": -1.6957548470095105, "1": -0.10874707199002831, "2": 2.159027848508101}, "datetime": {"datetime": "2022-10-27 17:31:15", "elapsed": 4737.177419, "delta": 11.982414}}
{"target": 5.729844510309988, "params": {"-2": 4.901963729520348, "-1": -0.9187297418279219, "0": 0.05500934313801479, "1": 0.24593551915282022, "2": 5.0}, "datetime": {"datetime": "2022-10-27 17:31:27", "elapsed": 4749.342442, "delta": 12.165023}}
{"target": 6.389733929239995, "params": {"-2": -1.1989846727909157, "-1": -2.140176918899983, "0": -1.8701932087115472, "1": 0.3964801225153032, "2": 1.1444555647947503}, "datetime": {"datetime": "2022-10-27 17:31:39", "elapsed": 4761.278571, "delta": 11.936129}}
{"target": 6.497007075195, "params": {"-2": -0.3897724950875552, "-1": -1.6827040608118666, "0": -0.9752757346215697, "1": 1.122581183425534, "2": 1.4804408072086934}, "datetime": {"datetime": "2022-10-27 17:31:51", "elapsed": 4773.187761, "delta": 11.90919}}
{"target": 5.967139875809991, "params": {"-2": -1.2065908542079629, "-1": 0.3259456636388167, "0": -0.7629758636691166, "1": 1.1033086012376483, "2": 3.1370904261014445}, "datetime": {"datetime": "2022-10-27 17:32:03", "elapsed": 4785.268623, "delta": 12.080862}}
{"target": 5.22900063624499, "params": {"-2": -1.827594378991836, "-1": -1.6263493930214032, "0": -1.875418686097562, "1": 1.4750591981936638, "2": 2.443721688811276}, "datetime": {"datetime": "2022-10-27 17:32:15", "elapsed": 4797.246149, "delta": 11.977526}}
{"target": 6.349016104794998, "params": {"-2": -0.3878469076702622, "-1": -0.6926326030389198, "0": -1.0252798365455784, "1": 0.5013611152392317, "2": 4.1812371726130095}, "datetime": {"datetime": "2022-10-27 17:32:27", "elapsed": 4809.180974, "delta": 11.934825}}
{"target": 6.396175144354984, "params": {"-2": -1.1343594174348606, "-1": -0.6982276662722767, "0": -0.6005666983102614, "1": 0.28040931415544174, "2": 0.9820825638898225}, "datetime": {"datetime": "2022-10-27 17:32:39", "elapsed": 4821.109317, "delta": 11.928343}}
{"target": 5.9285178502600075, "params": {"-2": 0.18157220164171406, "-1": 0.054616175004147394, "0": -0.621950288128124, "1": -1.3302529344826808, "2": 4.608557702275602}, "datetime": {"datetime": "2022-10-27 17:32:51", "elapsed": 4833.063478, "delta": 11.954161}}
{"target": 5.875934781894998, "params": {"-2": -0.5214336618612903, "-1": 0.43705823868835125, "0": -1.0834443363544888, "1": -0.5380738585746849, "2": 3.071739106368897}, "datetime": {"datetime": "2022-10-27 17:33:03", "elapsed": 4844.989325, "delta": 11.925847}}
{"target": 5.350114736574994, "params": {"-2": -1.7107583035394311, "-1": -1.3357507748735453, "0": -0.3056231974297283, "1": -0.42781994996429074, "2": 4.358240777191362}, "datetime": {"datetime": "2022-10-27 17:33:15", "elapsed": 4856.930702, "delta": 11.941377}}
{"target": 4.561014448595003, "params": {"-2": 0.2292863149556954, "-1": 0.49908415455963073, "0": -1.3980547469488505, "1": 1.7415571465912807, "2": 4.877038654224155}, "datetime": {"datetime": "2022-10-27 17:33:27", "elapsed": 4869.013315, "delta": 12.082613}}
{"target": 6.297728165839999, "params": {"-2": -2.5734197106552315, "-1": -1.17944681625639, "0": -0.5034857278110696, "1": 0.8480564555997692, "2": 0.7028126111865172}, "datetime": {"datetime": "2022-10-27 17:33:39", "elapsed": 4880.897676, "delta": 11.884361}}
{"target": 5.953889359174994, "params": {"-2": -2.4055524864940514, "-1": -0.247874779133471, "0": -0.07563320365454745, "1": -9.86142411173602e-05, "2": 1.8420869522369498}, "datetime": {"datetime": "2022-10-27 17:33:51", "elapsed": 4892.875, "delta": 11.977324}}
{"target": 5.723940805289999, "params": {"-2": 3.9809428137385154, "-1": -1.5005670437803142, "0": -3.6456561445649016, "1": -3.2135601104299614, "2": 1.6661310515726608}, "datetime": {"datetime": "2022-10-27 17:34:03", "elapsed": 4904.96514, "delta": 12.09014}}
{"target": 6.377268162444992, "params": {"-2": -0.8957520775937198, "-1": -0.37388060965858916, "0": -0.2886597378657596, "1": 1.816116059103864, "2": 1.4758069148424289}, "datetime": {"datetime": "2022-10-27 17:34:15", "elapsed": 4917.335968, "delta": 12.370828}}
{"target": 5.788704234484996, "params": {"-2": 4.232513821193226, "-1": 2.743607773415624, "0": 1.0430129410491205, "1": 2.028941690423088, "2": 4.1461633176215145}, "datetime": {"datetime": "2022-10-27 17:34:27", "elapsed": 4929.562025, "delta": 12.226057}}
{"target": 6.504801776080015, "params": {"-2": 0.5245121617749691, "-1": -1.7841872764246203, "0": -0.889892845930297, "1": 0.6962734266549688, "2": 3.997804387736906}, "datetime": {"datetime": "2022-10-27 17:34:39", "elapsed": 4941.482056, "delta": 11.920031}}
