{"target": 6.6158689596600055, "params": {"-2": 0.5274813870586138, "-1": -1.2051167189845229, "0": -0.22859642153776819, "1": 1.9761243283466805, "2": 0.5576876884826677}, "datetime": {"datetime": "2022-10-27 17:34:51", "elapsed": 4953.60447, "delta": 12.122414}}
{"target": 5.482401819269995, "params": {"-2": 0.39768757743942196, "-1": -0.5414266349674621, "0": 0.13479806023509422, "1": 3.7610661628750837, "2": 1.7225257439260417}, "datetime": {"datetime": "2022-10-27 17:35:03", "elapsed": 4965.607419, "delta": 12.002949}}
{"target": 6.326795582814995, "params": {"-2": 1.5538587474778947, "-1": -0.6547224999493428, "0": 0.08624703264566591, "1": 2.6169658572827323, "2": 0.09325472189935624}, "datetime": {"datetime": "2022-10-27 17:35:16", "elapsed": 4977.737774, "delta": 12.130355}}
{"target": 6.392983514465001, "params": {"-2": -1.2132854658238106, "-1": -1.4493020976315363, "0": -0.6582884888063009, "1": 1.9255428034611257, "2": 0.37261296522727777}, "datetime": {"datetime": "2022-10-27 17:35:28", "elapsed": 4989.776443, "delta": 12.038669}}
{"target": 6.179986953370005, "params": {"-2": -1.4316718971131581, "-1": -4.730738006290938, "0": -4.189853123983539, "1": -3.5594647876402687, "2": -4.922560307086034}, "datetime": {"datetime": "2022-10-27 17:35:40", "elapsed": 5001.88071, "delta": 12.104267}}
{"target": 6.188609575859999, "params": {"-2": 0.6999280643580092, "-1": 0.3445692120217174, "0": -0.30763013638198833, "1": 1.514298235748954, "2": 0.7403958763090147}, "datetime": {"datetime": "2022-10-27 17:35:52", "elapsed": 5014.212028, "delta": 12.331318}}
{"target": 6.469680574220007, "params": {"-2": -0.0819118708650377, "-1": -4.934480560437754, "0": -4.83959635062752, "1": -4.170999206602066, "2": -3.894836207433774}, "datetime": {"datetime": "2022-10-27 17:36:04", "elapsed": 5026.40482, "delta": 12.192792}}
{"target": 6.238026659364991, "params": {"-2": -0.5795742228578913, "-1": -3.44317294637952, "0": -4.853373598410359, "1": -4.618144454253344, "2": -3.9505767636808575}, "datetime": {"datetime": "2022-10-27 17:36:16", "elapsed": 5038.443939, "delta": 12.039119}}
{"target": 4.778155658955001, "params": {"-2": 1.0941320736197326, "-1": -4.151831886240865, "0": -3.235400007800159, "1": -4.4448342306552435, "2": -4.974483347637932}, "datetime": {"datetime": "2022-10-27 17:36:28", "elapsed": 5050.367908, "delta": 11.923969}}
{"target": 4.469318645634999, "params": {"-2": 0.07400179438907806, "-1": 2.892990039971055, "0": 0.31127401049394265, "1": -3.417463986180448, "2": 4.7010564720914765}, "datetime": {"datetime": "2022-10-27 17:36:40", "elapsed": 5062.457631, "delta": 12.089723}}
{"target": 4.409491797855011, "params": {"-2": -5.0, "-1": -5.0, "0": 5.0, "1": -5.0, "2": -5.0}, "datetime": {"datetime": "2022-10-27 17:36:52", "elapsed": 5074.505207, "delta": 12.047576}}
{"target": 3.135704601599997, "params": {"-2": -5.0, "-1": 5.0, "0": 5.0, "1": -5.0, "2": -5.0}, "datetime": {"datetime": "2022-10-27 17:37:05", "elapsed": 5086.945378, "delta": 12.440171}}
{"target": 3.0397581310899966, "params": {"-2": -5.0, "-1": 5.0, "0": 5.0, "1": -5.0, "2": 5.0}, "datetime": {"datetime": "2022-10-27 17:37:17", "elapsed": 5099.087632, "delta": 12.142254}}
{"target": 3.177867246825002, "params": {"-2": 5.0, "-1": 5.0, "0": 5.0, "1": -5.0, "2": -0.1626003765590075}, "datetime": {"datetime": "2022-10-27 17:37:29", "elapsed": 5111.151492, "delta": 12.06386}}
{"target": 2.7060973902949996, "params": {"-2": -5.0, "-1": 5.0, "0": -5.0, "1": -5.0, "2": 5.0}, "datetime": {"datetime": "2022-10-27 17:37:42", "elapsed": 5123.696991, "delta": 12.545499}}
{"target": 2.6019106307500053, "params": {"-2": 5.0, "-1": 5.0, "0": -5.0, "1": -5.0, "2": 5.0}, "datetime": {"datetime": "2022-10-27 17:37:54", "elapsed": 5136.449534, "delta": 12.752543}}
{"target": 3.8766063314450037, "params": {"-2": -5.0, "-1": 5.0, "0": -5.0, "1": 5.0, "2": 5.0}, "datetime": {"datetime": "2022-10-27 17:38:06", "elapsed": 5148.566202, "delta": 12.116668}}
{"target": 4.199363421724996, "params": {"-2": 5.0, "-1": -5.0, "0": 5.0, "1": -5.0, "2": 5.0}, "datetime": {"datetime": "2022-10-27 17:38:19", "elapsed": 5161.219276, "delta": 12.653074}}
{"target": 4.288602141655005, "params": {"-2": -5.0, "-1": -5.0, "0": 5.0, "1": -5.0, "2": 5.0}, "datetime": {"datetime": "2022-10-27 17:38:31", "elapsed": 5173.2671, "delta": 12.047824}}
{"target": 3.0242321814600004, "params": {"-2": 5.0, "-1": -5.0, "0": 5.0, "1": 5.0, "2": 5.0}, "datetime": {"datetime": "2022-10-27 17:38:43", "elapsed": 5185.387147, "delta": 12.120047}}
{"target": 3.5343473401099956, "params": {"-2": -5.0, "-1": -5.0, "0": -5.0, "1": 5.0, "2": -5.0}, "datetime": {"datetime": "2022-10-27 17:38:56", "elapsed": 5197.938701, "delta": 12.551554}}
{"target": 4.125154980030004, "params": {"-2": 5.0, "-1": 5.0, "0": -5.0, "1": 5.0, "2": 5.0}, "datetime": {"datetime": "2022-10-27 17:39:08", "elapsed": 5210.406634, "delta": 12.467933}}
{"target": 3.1209267013650006, "params": {"-2": 5.0, "-1": 5.0, "0": -5.0, "1": -5.0, "2": -5.0}, "datetime": {"datetime": "2022-10-27 17:39:20", "elapsed": 5222.578685, "delta": 12.172051}}
{"target": 3.2112154189799966, "params": {"-2": 5.0, "-1": -5.0, "0": -5.0, "1": 5.0, "2": -5.0}, "datetime": {"datetime": "2022-10-27 17:39:33", "elapsed": 5234.756975, "delta": 12.17829}}
{"target": 3.0791891782250005, "params": {"-2": -5.0, "-1": -5.0, "0": 5.0, "1": 5.0, "2": 5.0}, "datetime": {"datetime": "2022-10-27 17:39:45", "elapsed": 5246.929623, "delta": 12.172648}}
{"target": 3.744896421215003, "params": {"-2": 5.0, "-1": 5.0, "0": 5.0, "1": 1.5164978639656266, "2": 5.0}, "datetime": {"datetime": "2022-10-27 17:39:57", "elapsed": 5259.470355, "delta": 12.540732}}
{"target": 4.184808339655007, "params": {"-2": 5.0, "-1": -5.0, "0": 5.0, "1": -5.0, "2": -5.0}, "datetime": {"datetime": "2022-10-27 17:40:09", "elapsed": 5271.617736, "delta": 12.147381}}
{"target": 3.9993732058949973, "params": {"-2": 5.0, "-1": 5.0, "0": -5.0, "1": 5.0, "2": -5.0}, "datetime": {"datetime": "2022-10-27 17:40:22", "elapsed": 5283.782985, "delta": 12.165249}}
{"target": 3.0317213012400046, "params": {"-2": 5.0, "-1": -5.0, "0": -5.0, "1": 5.0, "2": 5.0}, "datetime": {"datetime": "2022-10-27 17:40:34", "elapsed": 5295.985385, "delta": 12.2024}}
{"target": 2.984353422424995, "params": {"-2": -5.0, "-1": 5.0, "0": -5.0, "1": -5.0, "2": -5.0}, "datetime": {"datetime": "2022-10-27 17:40:46", "elapsed": 5308.194762, "delta": 12.209377}}
{"target": 3.9294936786300028, "params": {"-2": -5.0, "-1": 5.0, "0": -5.0, "1": 5.0, "2": -5.0}, "datetime": {"datetime": "2022-10-27 17:40:58", "elapsed": 5320.60653, "delta": 12.411768}}
{"target": 2.710387575755, "params": {"-2": 5.0, "-1": -5.0, "0": 5.0, "1": 5.0, "2": -5.0}, "datetime": {"datetime": "2022-10-27 17:41:11", "elapsed": 5333.173974, "delta": 12.567444}}
{"target": 5.6803491059849875, "params": {"-2": -5.0, "-1": 5.0, "0": 5.0, "1": 5.0, "2": -5.0}, "datetime": {"datetime": "2022-10-27 17:41:23", "elapsed": 5345.275316, "delta": 12.101342}}
{"target": 5.92906230834501, "params": {"-2": -5.0, "-1": 5.0, "0": 5.0, "1": 5.0, "2": 5.0}, "datetime": {"datetime": "2022-10-27 17:41:35", "elapsed": 5357.327055, "delta": 12.051739}}
