{"target": 4.922736303164996, "params": {"-2": -5.0, "-1": -1.8112081684817196, "0": -3.9193923164903843, "1": -1.9807870805384953, "2": 5.0}, "datetime": {"datetime": "2022-10-27 17:01:22", "elapsed": 2944.345865, "delta": 11.714491}}
{"target": 6.034583121579999, "params": {"-2": 5.0, "-1": -2.249049711432298, "0": -2.078037205980082, "1": -1.6225289452369598, "2": 0.7992167032667666}, "datetime": {"datetime": "2022-10-27 17:01:34", "elapsed": 2956.064662, "delta": 11.718797}}
{"target": 6.019149367775, "params": {"-2": 4.883117934495132, "-1": -0.7251845508794024, "0": -0.9554442927023233, "1": -0.9263281983319648, "2": 0.28214627060702446}, "datetime": {"datetime": "2022-10-27 17:01:46", "elapsed": 2967.806577, "delta": 11.741915}}
{"target": 6.386016901714996, "params": {"-2": 0.6542184966817682, "-1": -2.8998410836648714, "0": -3.548929330644505, "1": -2.0965956868072984, "2": 4.2121193049640615}, "datetime": {"datetime": "2022-10-27 17:01:57", "elapsed": 2979.418808, "delta": 11.612231}}
{"target": 4.8880127331050005, "params": {"-2": 4.980867675400283, "-1": -1.6530655390911875, "0": -3.4165857260980204, "1": -0.27743000411901875, "2": 0.11648360963048354}, "datetime": {"datetime": "2022-10-27 17:02:09", "elapsed": 2991.064298, "delta": 11.64549}}
{"target": 5.702962364874992, "params": {"-2": 2.313631503772122, "-1": -2.9064733284912614, "0": -3.6913625485300727, "1": -1.0325548084377099, "2": 3.6884576178672894}, "datetime": {"datetime": "2022-10-27 17:02:21", "elapsed": 3002.743977, "delta": 11.679679}}
{"target": 5.734578482434998, "params": {"-2": 2.012761231180065, "-1": -3.273003047836044, "0": -5.0, "1": -5.0, "2": 4.086235243048689}, "datetime": {"datetime": "2022-10-27 17:02:32", "elapsed": 3014.524806, "delta": 11.780829}}
{"target": 5.540954668590018, "params": {"-2": 3.842979900147823, "-1": -1.9074570506276385, "0": -0.2627857811925125, "1": 0.42044162799355167, "2": 0.4696486755267171}, "datetime": {"datetime": "2022-10-27 17:02:44", "elapsed": 3026.235202, "delta": 11.710396}}
{"target": 5.691948422909988, "params": {"-2": -0.7174974602674141, "-1": -2.929172943503883, "0": -4.306984344559409, "1": -2.2656767149560446, "2": 5.0}, "datetime": {"datetime": "2022-10-27 17:02:56", "elapsed": 3038.025152, "delta": 11.78995}}
{"target": 5.993478610539995, "params": {"-2": 5.0, "-1": -5.0, "0": -5.0, "1": -5.0, "2": 5.0}, "datetime": {"datetime": "2022-10-27 17:03:08", "elapsed": 3049.753655, "delta": 11.728503}}
{"target": 5.6368560832250125, "params": {"-2": 1.349330574292816, "-1": -2.169815959642145, "0": -4.083207604243358, "1": -3.375005441034303, "2": 3.023895672464299}, "datetime": {"datetime": "2022-10-27 17:03:19", "elapsed": 3061.487759, "delta": 11.734104}}
{"target": 5.342897781155003, "params": {"-2": 1.282992610836226, "-1": -3.7627578785464513, "0": -2.664219728241859, "1": -2.7067313215932063, "2": 5.0}, "datetime": {"datetime": "2022-10-27 17:03:31", "elapsed": 3073.168159, "delta": 11.6804}}
{"target": 5.953317421649999, "params": {"-2": -1.648580222163327, "-1": -5.0, "0": -5.0, "1": -5.0, "2": 2.905174318664117}, "datetime": {"datetime": "2022-10-27 17:03:43", "elapsed": 3084.992993, "delta": 11.824834}}
{"target": 5.376431384220012, "params": {"-2": 4.557270050204732, "-1": -0.9202034381206072, "0": -1.3084731425270215, "1": -2.5812514326858027, "2": -0.5239490497287562}, "datetime": {"datetime": "2022-10-27 17:03:54", "elapsed": 3096.585532, "delta": 11.592539}}
{"target": 6.449621002285014, "params": {"-2": -2.8021040546423053, "-1": -5.0, "0": -5.0, "1": -3.246149240912264, "2": -0.253749229442801}, "datetime": {"datetime": "2022-10-27 17:04:06", "elapsed": 3108.358852, "delta": 11.77332}}
{"target": 6.42284184299001, "params": {"-2": 2.8486089139474142, "-1": -4.294090026006485, "0": -4.948897474179329, "1": -3.797305425030287, "2": 1.6097253999679388}, "datetime": {"datetime": "2022-10-27 17:04:18", "elapsed": 3120.030572, "delta": 11.67172}}
{"target": 6.283038424135, "params": {"-2": -3.758589459356335, "-1": -4.433598671584887, "0": -5.0, "1": -4.228912609886236, "2": -1.2694237781263442}, "datetime": {"datetime": "2022-10-27 17:04:30", "elapsed": 3131.787931, "delta": 11.757359}}
{"target": 6.168372224395, "params": {"-2": -4.144321425569361, "-1": -5.0, "0": -5.0, "1": -2.5979136638106706, "2": -1.565283672711078}, "datetime": {"datetime": "2022-10-27 17:04:41", "elapsed": 3143.613539, "delta": 11.825608}}
{"target": 5.864380329904989, "params": {"-2": -4.389827109314934, "-1": -4.251267518622795, "0": -3.789391317431358, "1": -3.440892682743064, "2": -2.314034897523517}, "datetime": {"datetime": "2022-10-27 17:04:53", "elapsed": 3155.46144, "delta": 11.847901}}
{"target": 5.069971043140001, "params": {"-2": -5.0, "-1": -2.838003358873744, "0": -5.0, "1": -3.6936693537746432, "2": -1.257647109542403}, "datetime": {"datetime": "2022-10-27 17:05:05", "elapsed": 3167.06315, "delta": 11.60171}}
{"target": 5.971692478170013, "params": {"-2": 3.1512773222057673, "-1": 0.8646444630849075, "0": -0.2155829425762819, "1": -0.2771786476210117, "2": 0.5007405653187458}, "datetime": {"datetime": "2022-10-27 17:05:17", "elapsed": 3178.822212, "delta": 11.759062}}
{"target": 4.927422942484995, "params": {"-2": 0.47944157766023743, "-1": -1.2648633595147318, "0": -3.2670430392663077, "1": -0.6163176579680529, "2": 3.822008705218165}, "datetime": {"datetime": "2022-10-27 17:05:28", "elapsed": 3190.567905, "delta": 11.745693}}
{"target": 5.564165822940012, "params": {"-2": 1.3999456704349709, "-1": 1.2866733284323488, "0": -0.39158457032499083, "1": -1.5397707473435946, "2": -0.3490304966404601}, "datetime": {"datetime": "2022-10-27 17:05:40", "elapsed": 3202.274137, "delta": 11.706232}}
{"target": 5.980367273539997, "params": {"-2": -4.870760473190833, "-1": -2.9387508273805585, "0": -1.994900343307402, "1": 1.1869283872967893, "2": 4.901958895684629}, "datetime": {"datetime": "2022-10-27 17:05:52", "elapsed": 3214.10843, "delta": 11.834293}}
{"target": 5.883229501810007, "params": {"-2": -2.7860974735579975, "-1": -5.0, "0": -5.0, "1": -4.954303166997323, "2": 0.04891376010351375}, "datetime": {"datetime": "2022-10-27 17:06:04", "elapsed": 3225.909704, "delta": 11.801274}}
{"target": 5.8837253313649995, "params": {"-2": -0.24376365687403273, "-1": 5.0, "0": 3.872397017428219, "1": 5.0, "2": -0.91043586679275}, "datetime": {"datetime": "2022-10-27 17:06:16", "elapsed": 3237.780208, "delta": 11.870504}}
{"target": 5.754185832234995, "params": {"-2": 5.0, "-1": -2.8184137430361886, "0": -1.4836272806411985, "1": -0.7308855793876926, "2": -0.9079670285020601}, "datetime": {"datetime": "2022-10-27 17:06:27", "elapsed": 3249.509097, "delta": 11.728889}}
{"target": 6.4709390879700095, "params": {"-2": -2.503053609876195, "-1": -5.0, "0": -5.0, "1": -3.71452422276574, "2": -2.0532662620440414}, "datetime": {"datetime": "2022-10-27 17:06:39", "elapsed": 3261.262322, "delta": 11.753225}}
{"target": 5.809003141344988, "params": {"-2": -2.5868938009578324, "-1": -3.5865331957786117, "0": -4.896658028570879, "1": -3.340577381088221, "2": -3.131127069585702}, "datetime": {"datetime": "2022-10-27 17:06:51", "elapsed": 3272.984711, "delta": 11.722389}}
{"target": 6.097789028939999, "params": {"-2": -3.3885466239438164, "-1": -4.861134150522576, "0": -4.794809939296966, "1": -4.269447620978005, "2": -4.331925938840973}, "datetime": {"datetime": "2022-10-27 17:07:03", "elapsed": 3284.836538, "delta": 11.851827}}
{"target": 6.00297378704002, "params": {"-2": -4.450331973579828, "-1": -4.927685882390492, "0": -3.5840120681363663, "1": -2.231420079990186, "2": -4.512034720194319}, "datetime": {"datetime": "2022-10-27 17:07:14", "elapsed": 3296.550879, "delta": 11.714341}}
{"target": 5.978132492529994, "params": {"-2": -3.4105339708372884, "-1": -5.0, "0": -5.0, "1": -2.2982933605452485, "2": -3.3901525317160264}, "datetime": {"datetime": "2022-10-27 17:07:26", "elapsed": 3308.363376, "delta": 11.812497}}
{"target": 5.904512648709996, "params": {"-2": -3.345474743658031, "-1": -5.0, "0": -5.0, "1": -5.0, "2": -2.651624917164245}, "datetime": {"datetime": "2022-10-27 17:07:38", "elapsed": 3320.353726, "delta": 11.99035}}
{"target": 5.330489492445011, "params": {"-2": -3.977497161586052, "-1": -3.4976697684609395, "0": -3.4591191885000083, "1": -4.506899383519451, "2": -4.831362767074804}, "datetime": {"datetime": "2022-10-27 17:07:50", "elapsed": 3332.024891, "delta": 11.671165}}
{"target": 5.945650726795009, "params": {"-2": -5.0, "-1": -5.0, "0": -5.0, "1": -2.1332617390448156, "2": 2.6863203727295217}, "datetime": {"datetime": "2022-10-27 17:08:02", "elapsed": 3343.78689, "delta": 11.761999}}
{"target": 5.8682380833799925, "params": {"-2": 5.0, "-1": 1.0410851619695256, "0": -0.40343646918259807, "1": -0.7340484925222855, "2": 1.9505558562284018}, "datetime": {"datetime": "2022-10-27 17:08:13", "elapsed": 3355.595687, "delta": 11.808797}}
{"target": 5.091904510164994, "params": {"-2": -3.225265923005586, "-1": -4.778673020551695, "0": -3.606473059076918, "1": -3.9042054027020736, "2": -1.2694964662316077}, "datetime": {"datetime": "2022-10-27 17:08:25", "elapsed": 3367.509519, "delta": 11.913832}}
{"target": 5.8709391608900034, "params": {"-2": -2.4911820082568417, "-1": -4.8594363614315, "0": -3.959742352936948, "1": -3.359421690413539, "2": 2.384239755503973}, "datetime": {"datetime": "2022-10-27 17:08:37", "elapsed": 3379.236133, "delta": 11.726614}}
{"target": 6.247142510260005, "params": {"-2": 3.852090450178671, "-1": -4.3720153680082126, "0": -2.729204759836686, "1": -0.5117851221631308, "2": -4.398821213300743}, "datetime": {"datetime": "2022-10-27 17:08:49", "elapsed": 3391.001449, "delta": 11.765316}}
{"target": 5.803732726210001, "params": {"-2": 1.2157768320535975, "-1": -4.978409114766828, "0": -2.9244825263935823, "1": -1.3856061929216326, "2": 2.458006268147149}, "datetime": {"datetime": "2022-10-27 17:09:01", "elapsed": 3402.943538, "delta": 11.942089}}
{"target": 5.624288390575003, "params": {"-2": 4.906475700006647, "-1": 1.7673578771725293, "0": -0.1812273044528715, "1": -1.0983237735543472, "2": -0.28205656034062254}, "datetime": {"datetime": "2022-10-27 17:09:13", "elapsed": 3414.70863, "delta": 11.765092}}
{"target": 5.96903479269001, "params": {"-2": 3.8353757358929688, "-1": -3.483013378347144, "0": -5.0, "1": -4.961571320464024, "2": 1.773804001570574}, "datetime": {"datetime": "2022-10-27 17:09:24", "elapsed": 3426.580216, "delta": 11.871586}}
{"target": 6.223109924749991, "params": {"-2": -5.0, "-1": -5.0, "0": -4.03553900236661, "1": -1.212665400590307, "2": -2.7513117810177286}, "datetime": {"datetime": "2022-10-27 17:09:36", "elapsed": 3438.360756, "delta": 11.78054}}
{"target": 6.201022048170003, "params": {"-2": -4.094606771141412, "-1": -5.0, "0": -5.0, "1": -4.507779336163425, "2": 4.26905023275659}, "datetime": {"datetime": "2022-10-27 17:09:48", "elapsed": 3450.165257, "delta": 11.804501}}
{"target": 5.386593422299995, "params": {"-2": -3.4043205570286394, "-1": -3.9262721781654477, "0": -3.644351221262303, "1": -0.10547353132783766, "2": -3.0159680951540313}, "datetime": {"datetime": "2022-10-27 17:10:00", "elapsed": 3461.852431, "delta": 11.687174}}
{"target": 4.4140065620049995, "params": {"-2": -5.0, "-1": -5.0, "0": -2.2380735891533683, "1": -1.8726112970197086, "2": -2.9475107331146213}, "datetime": {"datetime": "2022-10-27 17:10:11", "elapsed": 3473.632439, "delta": 11.780008}}
{"target": 4.03611006956001, "params": {"-2": -5.0, "-1": -5.0, "0": -1.400185091550839, "1": 0.9577855456865033, "2": 5.0}, "datetime": {"datetime": "2022-10-27 17:10:23", "elapsed": 3485.55508, "delta": 11.922641}}
{"target": 4.053081953025, "params": {"-2": 3.779509151684042, "-1": -4.729361633250904, "0": -1.678946913224841, "1": -1.8505820767942125, "2": -5.0}, "datetime": {"datetime": "2022-10-27 17:10:35", "elapsed": 3497.25241, "delta": 11.69733}}
{"target": 4.872644597104994, "params": {"-2": -5.0, "-1": -4.03009822663168, "0": -5.0, "1": -1.9498422958611823, "2": -3.5748184538877545}, "datetime": {"datetime": "2022-10-27 17:10:47", "elapsed": 3509.338141, "delta": 12.085731}}
{"target": 4.444393406654996, "params": {"-2": -5.0, "-1": -1.1350682173899727, "0": -2.5848514136046736, "1": 0.880385181675018, "2": 5.0}, "datetime": {"datetime": "2022-10-27 17:10:59", "elapsed": 3521.162283, "delta": 11.824142}}
{"target": 5.317471014005008, "params": {"-2": 3.3846874370020448, "-1": -3.41325451172537, "0": -2.8537442863543716, "1": 0.5382515261764285, "2": -3.5347948213364755}, "datetime": {"datetime": "2022-10-27 17:11:11", "elapsed": 3533.147086, "delta": 11.984803}}
{"target": 5.884248682475004, "params": {"-2": 4.865420041386532, "-1": -4.971049940450475, "0": -3.368531465815461, "1": -0.2987922798951983, "2": -3.4678584522195335}, "datetime": {"datetime": "2022-10-27 17:11:23", "elapsed": 3545.034006, "delta": 11.88692}}
{"target": 6.387780335279999, "params": {"-2": 3.6714073410524892, "-1": -0.4812862332151567, "0": -1.3334641310102253, "1": -0.5091193939946063, "2": 1.753256455389789}, "datetime": {"datetime": "2022-10-27 17:11:35", "elapsed": 3556.864889, "delta": 11.830883}}
{"target": 5.856741809810018, "params": {"-2": 4.779086808988568, "-1": -1.1890035998048982, "0": -1.0574746802518793, "1": -1.1972667351191735, "2": 2.2749981191086643}, "datetime": {"datetime": "2022-10-27 17:11:47", "elapsed": 3569.010665, "delta": 12.145776}}
{"target": 6.066417888135007, "params": {"-2": 1.4630333119993875, "-1": -3.638961803755204, "0": -4.972246329048186, "1": -3.135616165655739, "2": 3.1684505770821776}, "datetime": {"datetime": "2022-10-27 17:11:59", "elapsed": 3581.00108, "delta": 11.990415}}
{"target": 6.493801710349999, "params": {"-2": -1.4844722256334788, "-1": -5.0, "0": -5.0, "1": -3.8772608007706655, "2": 1.2928363770288807}, "datetime": {"datetime": "2022-10-27 17:12:11", "elapsed": 3592.883117, "delta": 11.882037}}
{"target": 5.077655131040004, "params": {"-2": 3.796079667289136, "-1": 0.5575072520281729, "0": -1.5592108689864863, "1": 0.7457802784356773, "2": 1.6091234648391488}, "datetime": {"datetime": "2022-10-27 17:12:22", "elapsed": 3604.623942, "delta": 11.740825}}
{"target": 5.215802245174999, "params": {"-2": 3.304293697615698, "-1": -0.06073457473472833, "0": -0.31020204726617073, "1": -1.5716678556548807, "2": 1.7210040605114094}, "datetime": {"datetime": "2022-10-27 17:12:34", "elapsed": 3616.587526, "delta": 11.963584}}
{"target": 6.4256013370349905, "params": {"-2": -1.7453533023727363, "-1": -3.4419534934652383, "0": -3.350041373205178, "1": -1.5962240386441051, "2": 2.4323941917001193}, "datetime": {"datetime": "2022-10-27 17:12:46", "elapsed": 3628.377796, "delta": 11.79027}}
{"target": 5.811861984915012, "params": {"-2": -2.6776574385044394, "-1": -3.53254607553928, "0": -1.8970114142335182, "1": -0.6471425480150037, "2": 2.0368178788977556}, "datetime": {"datetime": "2022-10-27 17:12:58", "elapsed": 3640.108808, "delta": 11.731012}}
{"target": 6.497941435585005, "params": {"-2": -0.19727844210054707, "-1": -3.3831311248394136, "0": -3.0826792687033646, "1": -1.4273371219211386, "2": 3.161939377770695}, "datetime": {"datetime": "2022-10-27 17:13:10", "elapsed": 3651.966431, "delta": 11.857623}}
{"target": 5.169370087104994, "params": {"-2": -0.02951880855316613, "-1": -3.2919053816853197, "0": -3.800509173953208, "1": -0.4549839434751366, "2": 0.8666837752786352}, "datetime": {"datetime": "2022-10-27 17:13:22", "elapsed": 3663.686406, "delta": 11.719975}}
{"target": 6.379161231184995, "params": {"-2": 3.3917694507227383, "-1": -1.858469899027624, "0": -2.0188944136452043, "1": -0.4955953725860909, "2": 1.5996798424582506}, "datetime": {"datetime": "2022-10-27 17:13:33", "elapsed": 3675.553025, "delta": 11.866619}}
{"target": 6.614458496080019, "params": {"-2": 3.3347963325717713, "-1": -1.4440652422123452, "0": -1.4776683599380096, "1": 0.006420835020941469, "2": 3.014882545294825}, "datetime": {"datetime": "2022-10-27 17:13:45", "elapsed": 3687.260026, "delta": 11.707001}}
{"target": 6.2990846943049945, "params": {"-2": 4.395408170558543, "-1": -2.0592123701928715, "0": -1.7686082023148884, "1": 0.5407367196930117, "2": 2.5065187921989485}, "datetime": {"datetime": "2022-10-27 17:13:57", "elapsed": 3699.198259, "delta": 11.938233}}
{"target": 5.780620685839992, "params": {"-2": 3.8923833551775555, "-1": -0.9938449170688343, "0": -2.6334039291774864, "1": -0.5312449716110045, "2": 2.862133685794}, "datetime": {"datetime": "2022-10-27 17:14:09", "elapsed": 3711.061438, "delta": 11.863179}}
{"target": 5.550093271764993, "params": {"-2": 3.372236964666076, "-1": -2.4597569739226954, "0": -1.0295563657378493, "1": -0.4658605065948933, "2": 4.38968800196324}, "datetime": {"datetime": "2022-10-27 17:14:21", "elapsed": 3722.762445, "delta": 11.701007}}
{"target": 6.235870796019995, "params": {"-2": 2.7257913106226406, "-1": -1.832184506296968, "0": -1.4956502385931028, "1": 0.8840588044853348, "2": 2.1244410654278547}, "datetime": {"datetime": "2022-10-27 17:14:32", "elapsed": 3734.542217, "delta": 11.779772}}
{"target": 6.0891347245350005, "params": {"-2": 2.824792348728761, "-1": -0.6525739754470461, "0": -1.1963641712362874, "1": 1.0287880210377578, "2": 3.8667026608821633}, "datetime": {"datetime": "2022-10-27 17:14:44", "elapsed": 3746.463753, "delta": 11.921536}}
{"target": 6.410300750785012, "params": {"-2": 3.7278338195801943, "-1": -1.5349868461209013, "0": -0.2660695238968902, "1": 1.7503172759604446, "2": 2.64644058389735}, "datetime": {"datetime": "2022-10-27 17:14:56", "elapsed": 3758.225173, "delta": 11.76142}}
{"target": 4.540314651849997, "params": {"-2": 4.317076555648432, "-1": -2.4745850868128585, "0": 0.12570757283155842, "1": 0.5263278048385338, "2": 2.766625027315463}, "datetime": {"datetime": "2022-10-27 17:15:08", "elapsed": 3769.917568, "delta": 11.692395}}
{"target": 4.719755046320003, "params": {"-2": 3.7267378770914457, "-1": -1.5015980256066614, "0": -1.7951307125441307, "1": 1.8494496121376554, "2": 3.0992105424493364}, "datetime": {"datetime": "2022-10-27 17:15:20", "elapsed": 3781.813352, "delta": 11.895784}}
{"target": 6.184146390765008, "params": {"-2": 2.7763423814464807, "-1": -0.8664365639123124, "0": -0.47442328665440414, "1": 0.3892401506356071, "2": 2.4830202361507108}, "datetime": {"datetime": "2022-10-27 17:15:32", "elapsed": 3793.721137, "delta": 11.907785}}
{"target": 6.2890770982800035, "params": {"-2": 2.6005504383540647, "-1": -0.9782237681928435, "0": 0.3651572840445314, "1": 2.078838557377496, "2": 2.6635106318941104}, "datetime": {"datetime": "2022-10-27 17:15:43", "elapsed": 3805.494021, "delta": 11.772884}}
{"target": 6.386472342440001, "params": {"-2": 2.295783800519762, "-1": -1.0334083392413884, "0": -1.7680706469065681, "1": -0.4165767073397903, "2": 2.3358878373716143}, "datetime": {"datetime": "2022-10-27 17:15:55", "elapsed": 3817.424013, "delta": 11.929992}}
{"target": 6.292998956715024, "params": {"-2": 3.981625018092701, "-1": -0.9501103055524209, "0": 0.5716718226089131, "1": 2.7269250201330286, "2": 2.1432885893689986}, "datetime": {"datetime": "2022-10-27 17:16:07", "elapsed": 3829.299441, "delta": 11.875428}}
{"target": 6.478734553685001, "params": {"-2": 3.837296384108613, "-1": -0.2657532083175884, "0": 0.45515624126546367, "1": 1.7368058314773862, "2": 3.2978759350826508}, "datetime": {"datetime": "2022-10-27 17:16:19", "elapsed": 3841.09145, "delta": 11.792009}}
{"target": 6.048005403399998, "params": {"-2": 3.6232293439118157, "-1": -1.3419287121773205, "0": 0.6580051807425927, "1": 2.69912350983322, "2": 3.716071637338085}, "datetime": {"datetime": "2022-10-27 17:16:31", "elapsed": 3852.91244, "delta": 11.82099}}
{"target": 6.377126109349987, "params": {"-2": 1.752816282742114, "-1": -1.8787180643588757, "0": -1.0157353711078032, "1": 0.1923179899275118, "2": 3.2415014433902645}, "datetime": {"datetime": "2022-10-27 17:16:43", "elapsed": 3865.001308, "delta": 12.088868}}
{"target": 5.363163080035008, "params": {"-2": 3.54385448913309, "-1": -0.20137349313488082, "0": 1.1376660083189258, "1": 1.385741597809843, "2": 1.960201623115547}, "datetime": {"datetime": "2022-10-27 17:16:55", "elapsed": 3876.844343, "delta": 11.843035}}
{"target": 5.644261526699992, "params": {"-2": 2.613428947900449, "-1": -0.7745335659286678, "0": 0.5156657993017303, "1": 1.142061020113974, "2": 4.101361391286698}, "datetime": {"datetime": "2022-10-27 17:17:06", "elapsed": 3888.671054, "delta": 11.826711}}
{"target": 5.450472842524988, "params": {"-2": 3.3914501875239176, "-1": 0.09219212483762007, "0": -0.12639708964643256, "1": 2.983584340968121, "2": 3.0500635074677165}, "datetime": {"datetime": "2022-10-27 17:17:18", "elapsed": 3900.607098, "delta": 11.936044}}
{"target": 6.394527310060013, "params": {"-2": 2.5689308762110334, "-1": -2.598121840585761, "0": -1.8378237508487438, "1": -0.3499405706575899, "2": 2.6649870535828164}, "datetime": {"datetime": "2022-10-27 17:17:30", "elapsed": 3912.405547, "delta": 11.798449}}
{"target": 5.714280972755006, "params": {"-2": 3.0055241658428002, "-1": -2.2531330779203285, "0": 0.23421266427170548, "1": 2.794221692874266, "2": 2.0094583670839685}, "datetime": {"datetime": "2022-10-27 17:17:42", "elapsed": 3924.310964, "delta": 11.905417}}
{"target": 6.397911469320007, "params": {"-2": 5.0, "-1": -0.8425712759106773, "0": 0.3033412859755821, "1": 2.1792616635679716, "2": 3.1288301695782694}, "datetime": {"datetime": "2022-10-27 17:17:54", "elapsed": 3936.133779, "delta": 11.822815}}
{"target": 5.998695384049995, "params": {"-2": 4.9535986333775375, "-1": 0.0013034336491119178, "0": 1.0933895196374102, "1": 1.8287419842224997, "2": 4.244094671805749}, "datetime": {"datetime": "2022-10-27 17:18:06", "elapsed": 3948.214806, "delta": 12.081027}}
